[INFO][2018-05-29 08:14:12,161][org.springframework.web.servlet.DispatcherServlet]FrameworkServlet 'springMvc': initialization started
[INFO][2018-05-29 08:14:12,180][org.springframework.web.context.support.XmlWebApplicationContext]Refreshing WebApplicationContext for namespace 'springMvc-servlet': startup date [Tue May 29 08:14:12 CST 2018]; parent: Root WebApplicationContext
[INFO][2018-05-29 08:14:12,185][org.springframework.beans.factory.xml.XmlBeanDefinitionReader]Loading XML bean definitions from class path resource [spring/spring-mvc.xml]
[INFO][2018-05-29 08:14:13,153][org.springframework.web.servlet.mvc.annotation.DefaultAnnotationHandlerMapping]Mapped URL path [/api/sms/send] onto handler 'smsManageController'
[INFO][2018-05-29 08:14:13,154][org.springframework.web.servlet.mvc.annotation.DefaultAnnotationHandlerMapping]Mapped URL path [/api/sms/send.*] onto handler 'smsManageController'
[INFO][2018-05-29 08:14:13,155][org.springframework.web.servlet.mvc.annotation.DefaultAnnotationHandlerMapping]Mapped URL path [/api/sms/send/] onto handler 'smsManageController'
[INFO][2018-05-29 08:14:13,157][org.springframework.web.servlet.mvc.annotation.DefaultAnnotationHandlerMapping]Mapped URL path [/upon] onto handler 'smsReceiveController'
[INFO][2018-05-29 08:14:13,183][org.springframework.web.servlet.mvc.annotation.DefaultAnnotationHandlerMapping]Mapped URL path [/upon.*] onto handler 'smsReceiveController'
[INFO][2018-05-29 08:14:13,184][org.springframework.web.servlet.mvc.annotation.DefaultAnnotationHandlerMapping]Mapped URL path [/upon/] onto handler 'smsReceiveController'
[INFO][2018-05-29 08:14:13,184][org.springframework.web.servlet.mvc.annotation.DefaultAnnotationHandlerMapping]Mapped URL path [/report] onto handler 'smsReceiveController'
[INFO][2018-05-29 08:14:13,185][org.springframework.web.servlet.mvc.annotation.DefaultAnnotationHandlerMapping]Mapped URL path [/report.*] onto handler 'smsReceiveController'
[INFO][2018-05-29 08:14:13,186][org.springframework.web.servlet.mvc.annotation.DefaultAnnotationHandlerMapping]Mapped URL path [/report/] onto handler 'smsReceiveController'
[INFO][2018-05-29 08:14:13,263][org.springframework.web.servlet.DispatcherServlet]FrameworkServlet 'springMvc': initialization completed in 1095 ms
[INFO][2018-05-29 08:14:30,152][com.hl95.common.service.impl.SmsManageServiceImpl]请求参数={password=670b14728ad9902aecba32e22fa4f6bd, linkid=12334, signame=中信银行, phone=13716072540, remoteHost=127.0.0.1, message=尊敬的客户，恭喜获得中信白金卡申请资格！额度高，随时取现，最长50天免息还款。官网申请 0x7.me/7K3x 退订回T, username=hltest}
[ERROR][2018-05-29 08:14:48,363][com.alibaba.druid.filter.stat.StatFilter]merge sql error, dbType mysql, sql : 
update sms_msg_log
			set
			 receiveDate = 
			 case requestId  
				when 205c38367c544145b67cd47ed2ed7e96 then 
			 end 
			END,
			statusCode = 
			 case requestId  
				when 205c38367c544145b67cd47ed2ed7e96 then HND:009
			 end 
			END
		where 
		   
			requestId = 205c38367c544145b67cd47ed2ed7e96
com.alibaba.druid.sql.parser.ParserException: syntax error, expect END, actual VARIANT :009
	at com.alibaba.druid.sql.parser.SQLExprParser.accept(SQLExprParser.java:1449)
	at com.alibaba.druid.sql.parser.SQLExprParser.primary(SQLExprParser.java:352)
	at com.alibaba.druid.sql.dialect.mysql.parser.MySqlExprParser.primary(MySqlExprParser.java:166)
	at com.alibaba.druid.sql.parser.SQLExprParser.expr(SQLExprParser.java:118)
	at com.alibaba.druid.sql.dialect.mysql.parser.MySqlStatementParser.parseUpdateSet(MySqlStatementParser.java:2629)
	at com.alibaba.druid.sql.dialect.mysql.parser.MySqlStatementParser.parseUpdateStatement(MySqlStatementParser.java:218)
	at com.alibaba.druid.sql.parser.SQLStatementParser.parseStatementList(SQLStatementParser.java:150)
	at com.alibaba.druid.sql.parser.SQLStatementParser.parseStatementList(SQLStatementParser.java:121)
	at com.alibaba.druid.sql.parser.SQLStatementParser.parseStatementList(SQLStatementParser.java:116)
	at com.alibaba.druid.sql.visitor.ParameterizedOutputVisitorUtils.parameterize(ParameterizedOutputVisitorUtils.java:53)
	at com.alibaba.druid.filter.stat.StatFilter.mergeSql(StatFilter.java:145)
	at com.alibaba.druid.filter.stat.StatFilter.createSqlStat(StatFilter.java:629)
	at com.alibaba.druid.filter.stat.StatFilter.statementPrepareAfter(StatFilter.java:305)
	at com.alibaba.druid.filter.FilterEventAdapter.connection_prepareStatement(FilterEventAdapter.java:124)
	at com.alibaba.druid.filter.FilterChainImpl.connection_prepareStatement(FilterChainImpl.java:448)
	at com.alibaba.druid.proxy.jdbc.ConnectionProxyImpl.prepareStatement(ConnectionProxyImpl.java:342)
	at com.alibaba.druid.pool.DruidPooledConnection.prepareStatement(DruidPooledConnection.java:318)
	at org.apache.ibatis.executor.statement.PreparedStatementHandler.instantiateStatement(PreparedStatementHandler.java:75)
	at org.apache.ibatis.executor.statement.BaseStatementHandler.prepare(BaseStatementHandler.java:85)
	at org.apache.ibatis.executor.statement.RoutingStatementHandler.prepare(RoutingStatementHandler.java:57)
	at org.apache.ibatis.executor.SimpleExecutor.prepareStatement(SimpleExecutor.java:73)
	at org.apache.ibatis.executor.SimpleExecutor.doUpdate(SimpleExecutor.java:47)
	at org.apache.ibatis.executor.BaseExecutor.update(BaseExecutor.java:105)
	at org.apache.ibatis.executor.CachingExecutor.update(CachingExecutor.java:71)
	at org.apache.ibatis.session.defaults.DefaultSqlSession.update(DefaultSqlSession.java:152)
	at sun.reflect.NativeMethodAccessorImpl.invoke0(Native Method)
	at sun.reflect.NativeMethodAccessorImpl.invoke(NativeMethodAccessorImpl.java:62)
	at sun.reflect.DelegatingMethodAccessorImpl.invoke(DelegatingMethodAccessorImpl.java:43)
	at java.lang.reflect.Method.invoke(Method.java:498)
	at org.mybatis.spring.SqlSessionTemplate$SqlSessionInterceptor.invoke(SqlSessionTemplate.java:358)
	at com.sun.proxy.$Proxy14.update(Unknown Source)
	at org.mybatis.spring.SqlSessionTemplate.update(SqlSessionTemplate.java:254)
	at org.apache.ibatis.binding.MapperMethod.execute(MapperMethod.java:54)
	at org.apache.ibatis.binding.MapperProxy.invoke(MapperProxy.java:52)
	at com.sun.proxy.$Proxy15.updateMsgLogStatus(Unknown Source)
	at com.hl95.common.service.impl.SmsManageServiceImpl.updateMsgLogStatus(SmsManageServiceImpl.java:191)
	at sun.reflect.NativeMethodAccessorImpl.invoke0(Native Method)
	at sun.reflect.NativeMethodAccessorImpl.invoke(NativeMethodAccessorImpl.java:62)
	at sun.reflect.DelegatingMethodAccessorImpl.invoke(DelegatingMethodAccessorImpl.java:43)
	at java.lang.reflect.Method.invoke(Method.java:498)
	at org.springframework.aop.support.AopUtils.invokeJoinpointUsingReflection(AopUtils.java:333)
	at org.springframework.aop.framework.ReflectiveMethodInvocation.invokeJoinpoint(ReflectiveMethodInvocation.java:190)
	at org.springframework.aop.framework.ReflectiveMethodInvocation.proceed(ReflectiveMethodInvocation.java:157)
	at com.alibaba.druid.support.spring.stat.DruidStatInterceptor.invoke(DruidStatInterceptor.java:72)
	at org.springframework.aop.framework.ReflectiveMethodInvocation.proceed(ReflectiveMethodInvocation.java:179)
	at org.springframework.transaction.interceptor.TransactionInterceptor$1.proceedWithInvocation(TransactionInterceptor.java:99)
	at org.springframework.transaction.interceptor.TransactionAspectSupport.invokeWithinTransaction(TransactionAspectSupport.java:282)
	at org.springframework.transaction.interceptor.TransactionInterceptor.invoke(TransactionInterceptor.java:96)
	at org.springframework.aop.framework.ReflectiveMethodInvocation.proceed(ReflectiveMethodInvocation.java:179)
	at org.springframework.aop.interceptor.ExposeInvocationInterceptor.invoke(ExposeInvocationInterceptor.java:92)
	at org.springframework.aop.framework.ReflectiveMethodInvocation.proceed(ReflectiveMethodInvocation.java:179)
	at org.springframework.aop.framework.JdkDynamicAopProxy.invoke(JdkDynamicAopProxy.java:213)
	at com.sun.proxy.$Proxy18.updateMsgLogStatus(Unknown Source)
	at com.hl95.common.controller.SmsManageController.getSms(SmsManageController.java:192)
	at sun.reflect.GeneratedMethodAccessor7.invoke(Unknown Source)
	at sun.reflect.DelegatingMethodAccessorImpl.invoke(DelegatingMethodAccessorImpl.java:43)
	at java.lang.reflect.Method.invoke(Method.java:498)
	at org.springframework.scheduling.support.ScheduledMethodRunnable.run(ScheduledMethodRunnable.java:65)
	at org.springframework.scheduling.support.DelegatingErrorHandlingRunnable.run(DelegatingErrorHandlingRunnable.java:54)
	at java.util.concurrent.Executors$RunnableAdapter.call(Executors.java:511)
	at java.util.concurrent.FutureTask.runAndReset(FutureTask.java:308)
	at java.util.concurrent.ScheduledThreadPoolExecutor$ScheduledFutureTask.access$301(ScheduledThreadPoolExecutor.java:180)
	at java.util.concurrent.ScheduledThreadPoolExecutor$ScheduledFutureTask.run(ScheduledThreadPoolExecutor.java:294)
	at java.util.concurrent.ThreadPoolExecutor.runWorker(ThreadPoolExecutor.java:1149)
	at java.util.concurrent.ThreadPoolExecutor$Worker.run(ThreadPoolExecutor.java:624)
	at java.lang.Thread.run(Thread.java:748)
[INFO][2018-05-29 08:14:48,382][org.springframework.beans.factory.xml.XmlBeanDefinitionReader]Loading XML bean definitions from class path resource [org/springframework/jdbc/support/sql-error-codes.xml]
[INFO][2018-05-29 08:14:48,458][org.springframework.jdbc.support.SQLErrorCodesFactory]SQLErrorCodes loaded: [DB2, Derby, H2, HSQL, Informix, MS-SQL, MySQL, Oracle, PostgreSQL, Sybase, Hana]
[ERROR][2018-05-29 08:14:48,472][org.springframework.scheduling.support.TaskUtils$LoggingErrorHandler]Unexpected error occurred in scheduled task.
org.springframework.jdbc.BadSqlGrammarException: 
### Error updating database.  Cause: com.mysql.jdbc.exceptions.jdbc4.MySQLSyntaxErrorException: #42000
### The error may involve com.hl95.common.dao.ISmsManageDao.updateMsgLogStatus-Inline
### The error occurred while setting parameters
### SQL: update sms_msg_log    set     receiveDate =      case requestId       when 205c38367c544145b67cd47ed2ed7e96 then      end     END,    statusCode =      case requestId       when 205c38367c544145b67cd47ed2ed7e96 then HND:009     end     END   where           requestId = 205c38367c544145b67cd47ed2ed7e96
### Cause: com.mysql.jdbc.exceptions.jdbc4.MySQLSyntaxErrorException: #42000
; bad SQL grammar []; nested exception is com.mysql.jdbc.exceptions.jdbc4.MySQLSyntaxErrorException: #42000
	at org.springframework.jdbc.support.SQLErrorCodeSQLExceptionTranslator.doTranslate(SQLErrorCodeSQLExceptionTranslator.java:231)
	at org.springframework.jdbc.support.AbstractFallbackSQLExceptionTranslator.translate(AbstractFallbackSQLExceptionTranslator.java:73)
	at org.mybatis.spring.MyBatisExceptionTranslator.translateExceptionIfPossible(MyBatisExceptionTranslator.java:73)
	at org.mybatis.spring.SqlSessionTemplate$SqlSessionInterceptor.invoke(SqlSessionTemplate.java:371)
	at com.sun.proxy.$Proxy14.update(Unknown Source)
	at org.mybatis.spring.SqlSessionTemplate.update(SqlSessionTemplate.java:254)
	at org.apache.ibatis.binding.MapperMethod.execute(MapperMethod.java:54)
	at org.apache.ibatis.binding.MapperProxy.invoke(MapperProxy.java:52)
	at com.sun.proxy.$Proxy15.updateMsgLogStatus(Unknown Source)
	at com.hl95.common.service.impl.SmsManageServiceImpl.updateMsgLogStatus(SmsManageServiceImpl.java:191)
	at sun.reflect.NativeMethodAccessorImpl.invoke0(Native Method)
	at sun.reflect.NativeMethodAccessorImpl.invoke(NativeMethodAccessorImpl.java:62)
	at sun.reflect.DelegatingMethodAccessorImpl.invoke(DelegatingMethodAccessorImpl.java:43)
	at java.lang.reflect.Method.invoke(Method.java:498)
	at org.springframework.aop.support.AopUtils.invokeJoinpointUsingReflection(AopUtils.java:333)
	at org.springframework.aop.framework.ReflectiveMethodInvocation.invokeJoinpoint(ReflectiveMethodInvocation.java:190)
	at org.springframework.aop.framework.ReflectiveMethodInvocation.proceed(ReflectiveMethodInvocation.java:157)
	at com.alibaba.druid.support.spring.stat.DruidStatInterceptor.invoke(DruidStatInterceptor.java:72)
	at org.springframework.aop.framework.ReflectiveMethodInvocation.proceed(ReflectiveMethodInvocation.java:179)
	at org.springframework.transaction.interceptor.TransactionInterceptor$1.proceedWithInvocation(TransactionInterceptor.java:99)
	at org.springframework.transaction.interceptor.TransactionAspectSupport.invokeWithinTransaction(TransactionAspectSupport.java:282)
	at org.springframework.transaction.interceptor.TransactionInterceptor.invoke(TransactionInterceptor.java:96)
	at org.springframework.aop.framework.ReflectiveMethodInvocation.proceed(ReflectiveMethodInvocation.java:179)
	at org.springframework.aop.interceptor.ExposeInvocationInterceptor.invoke(ExposeInvocationInterceptor.java:92)
	at org.springframework.aop.framework.ReflectiveMethodInvocation.proceed(ReflectiveMethodInvocation.java:179)
	at org.springframework.aop.framework.JdkDynamicAopProxy.invoke(JdkDynamicAopProxy.java:213)
	at com.sun.proxy.$Proxy18.updateMsgLogStatus(Unknown Source)
	at com.hl95.common.controller.SmsManageController.getSms(SmsManageController.java:192)
	at sun.reflect.GeneratedMethodAccessor7.invoke(Unknown Source)
	at sun.reflect.DelegatingMethodAccessorImpl.invoke(DelegatingMethodAccessorImpl.java:43)
	at java.lang.reflect.Method.invoke(Method.java:498)
	at org.springframework.scheduling.support.ScheduledMethodRunnable.run(ScheduledMethodRunnable.java:65)
	at org.springframework.scheduling.support.DelegatingErrorHandlingRunnable.run(DelegatingErrorHandlingRunnable.java:54)
	at java.util.concurrent.Executors$RunnableAdapter.call(Executors.java:511)
	at java.util.concurrent.FutureTask.runAndReset(FutureTask.java:308)
	at java.util.concurrent.ScheduledThreadPoolExecutor$ScheduledFutureTask.access$301(ScheduledThreadPoolExecutor.java:180)
	at java.util.concurrent.ScheduledThreadPoolExecutor$ScheduledFutureTask.run(ScheduledThreadPoolExecutor.java:294)
	at java.util.concurrent.ThreadPoolExecutor.runWorker(ThreadPoolExecutor.java:1149)
	at java.util.concurrent.ThreadPoolExecutor$Worker.run(ThreadPoolExecutor.java:624)
	at java.lang.Thread.run(Thread.java:748)
Caused by: com.mysql.jdbc.exceptions.jdbc4.MySQLSyntaxErrorException: #42000
	at sun.reflect.NativeConstructorAccessorImpl.newInstance0(Native Method)
	at sun.reflect.NativeConstructorAccessorImpl.newInstance(NativeConstructorAccessorImpl.java:62)
	at sun.reflect.DelegatingConstructorAccessorImpl.newInstance(DelegatingConstructorAccessorImpl.java:45)
	at java.lang.reflect.Constructor.newInstance(Constructor.java:423)
	at com.mysql.jdbc.Util.handleNewInstance(Util.java:377)
	at com.mysql.jdbc.Util.getInstance(Util.java:360)
	at com.mysql.jdbc.SQLError.createSQLException(SQLError.java:978)
	at com.mysql.jdbc.MysqlIO.checkErrorPacket(MysqlIO.java:3887)
	at com.mysql.jdbc.MysqlIO.checkErrorPacket(MysqlIO.java:3823)
	at com.mysql.jdbc.MysqlIO.sendCommand(MysqlIO.java:2435)
	at com.mysql.jdbc.MysqlIO.sqlQueryDirect(MysqlIO.java:2582)
	at com.mysql.jdbc.ConnectionImpl.execSQL(ConnectionImpl.java:2530)
	at com.mysql.jdbc.PreparedStatement.executeInternal(PreparedStatement.java:1907)
	at com.mysql.jdbc.PreparedStatement.execute(PreparedStatement.java:1199)
	at com.alibaba.druid.filter.FilterChainImpl.preparedStatement_execute(FilterChainImpl.java:2931)
	at com.alibaba.druid.filter.FilterEventAdapter.preparedStatement_execute(FilterEventAdapter.java:440)
	at com.alibaba.druid.filter.FilterChainImpl.preparedStatement_execute(FilterChainImpl.java:2929)
	at com.alibaba.druid.proxy.jdbc.PreparedStatementProxyImpl.execute(PreparedStatementProxyImpl.java:118)
	at com.alibaba.druid.pool.DruidPooledPreparedStatement.execute(DruidPooledPreparedStatement.java:493)
	at org.apache.ibatis.executor.statement.PreparedStatementHandler.update(PreparedStatementHandler.java:44)
	at org.apache.ibatis.executor.statement.RoutingStatementHandler.update(RoutingStatementHandler.java:69)
	at org.apache.ibatis.executor.SimpleExecutor.doUpdate(SimpleExecutor.java:48)
	at org.apache.ibatis.executor.BaseExecutor.update(BaseExecutor.java:105)
	at org.apache.ibatis.executor.CachingExecutor.update(CachingExecutor.java:71)
	at org.apache.ibatis.session.defaults.DefaultSqlSession.update(DefaultSqlSession.java:152)
	at sun.reflect.NativeMethodAccessorImpl.invoke0(Native Method)
	at sun.reflect.NativeMethodAccessorImpl.invoke(NativeMethodAccessorImpl.java:62)
	at sun.reflect.DelegatingMethodAccessorImpl.invoke(DelegatingMethodAccessorImpl.java:43)
	at java.lang.reflect.Method.invoke(Method.java:498)
	at org.mybatis.spring.SqlSessionTemplate$SqlSessionInterceptor.invoke(SqlSessionTemplate.java:358)
	... 36 more
[INFO][2018-05-29 08:16:49,266][org.springframework.web.servlet.DispatcherServlet]FrameworkServlet 'springMvc': initialization started
[INFO][2018-05-29 08:16:49,273][org.springframework.web.context.support.XmlWebApplicationContext]Refreshing WebApplicationContext for namespace 'springMvc-servlet': startup date [Tue May 29 08:16:49 CST 2018]; parent: Root WebApplicationContext
[INFO][2018-05-29 08:16:49,275][org.springframework.beans.factory.xml.XmlBeanDefinitionReader]Loading XML bean definitions from class path resource [spring/spring-mvc.xml]
[INFO][2018-05-29 08:16:49,917][org.springframework.web.servlet.mvc.annotation.DefaultAnnotationHandlerMapping]Mapped URL path [/api/sms/send] onto handler 'smsManageController'
[INFO][2018-05-29 08:16:49,919][org.springframework.web.servlet.mvc.annotation.DefaultAnnotationHandlerMapping]Mapped URL path [/api/sms/send.*] onto handler 'smsManageController'
[INFO][2018-05-29 08:16:49,922][org.springframework.web.servlet.mvc.annotation.DefaultAnnotationHandlerMapping]Mapped URL path [/api/sms/send/] onto handler 'smsManageController'
[INFO][2018-05-29 08:16:49,924][org.springframework.web.servlet.mvc.annotation.DefaultAnnotationHandlerMapping]Mapped URL path [/report] onto handler 'smsReceiveController'
[INFO][2018-05-29 08:16:49,924][org.springframework.web.servlet.mvc.annotation.DefaultAnnotationHandlerMapping]Mapped URL path [/report.*] onto handler 'smsReceiveController'
[INFO][2018-05-29 08:16:49,925][org.springframework.web.servlet.mvc.annotation.DefaultAnnotationHandlerMapping]Mapped URL path [/report/] onto handler 'smsReceiveController'
[INFO][2018-05-29 08:16:49,926][org.springframework.web.servlet.mvc.annotation.DefaultAnnotationHandlerMapping]Mapped URL path [/upon] onto handler 'smsReceiveController'
[INFO][2018-05-29 08:16:49,927][org.springframework.web.servlet.mvc.annotation.DefaultAnnotationHandlerMapping]Mapped URL path [/upon.*] onto handler 'smsReceiveController'
[INFO][2018-05-29 08:16:49,928][org.springframework.web.servlet.mvc.annotation.DefaultAnnotationHandlerMapping]Mapped URL path [/upon/] onto handler 'smsReceiveController'
[INFO][2018-05-29 08:16:50,091][org.springframework.web.servlet.DispatcherServlet]FrameworkServlet 'springMvc': initialization completed in 824 ms
[INFO][2018-05-29 08:17:23,646][com.hl95.common.service.impl.SmsManageServiceImpl]请求参数={password=670b14728ad9902aecba32e22fa4f6bd, linkid=12334, signame=中信银行, phone=13716072540, remoteHost=127.0.0.1, message=尊敬的客户，恭喜获得中信白金卡申请资格！额度高，随时取现，最长50天免息还款。官网申请 0x7.me/7K3x 退订回T, username=hltest}
[ERROR][2018-05-29 08:17:47,585][com.alibaba.druid.filter.stat.StatFilter]merge sql error, dbType mysql, sql : 
update sms_msg_log
			set
			 receiveDate = 
			 case requestId  
				when cd4f762effcf49b783f16b679320e878 then 
			 end 
			,
			statusCode = 
			 case requestId  
				when cd4f762effcf49b783f16b679320e878 then HND:009
			 end 
		where 
		   
			requestId = cd4f762effcf49b783f16b679320e878
com.alibaba.druid.sql.parser.ParserException: syntax error, expect END, actual COMMA end
	at com.alibaba.druid.sql.parser.SQLExprParser.accept(SQLExprParser.java:1449)
	at com.alibaba.druid.sql.parser.SQLExprParser.primary(SQLExprParser.java:352)
	at com.alibaba.druid.sql.dialect.mysql.parser.MySqlExprParser.primary(MySqlExprParser.java:166)
	at com.alibaba.druid.sql.parser.SQLExprParser.expr(SQLExprParser.java:118)
	at com.alibaba.druid.sql.dialect.mysql.parser.MySqlStatementParser.parseUpdateSet(MySqlStatementParser.java:2629)
	at com.alibaba.druid.sql.dialect.mysql.parser.MySqlStatementParser.parseUpdateStatement(MySqlStatementParser.java:218)
	at com.alibaba.druid.sql.parser.SQLStatementParser.parseStatementList(SQLStatementParser.java:150)
	at com.alibaba.druid.sql.parser.SQLStatementParser.parseStatementList(SQLStatementParser.java:121)
	at com.alibaba.druid.sql.parser.SQLStatementParser.parseStatementList(SQLStatementParser.java:116)
	at com.alibaba.druid.sql.visitor.ParameterizedOutputVisitorUtils.parameterize(ParameterizedOutputVisitorUtils.java:53)
	at com.alibaba.druid.filter.stat.StatFilter.mergeSql(StatFilter.java:145)
	at com.alibaba.druid.filter.stat.StatFilter.createSqlStat(StatFilter.java:629)
	at com.alibaba.druid.filter.stat.StatFilter.statementPrepareAfter(StatFilter.java:305)
	at com.alibaba.druid.filter.FilterEventAdapter.connection_prepareStatement(FilterEventAdapter.java:124)
	at com.alibaba.druid.filter.FilterChainImpl.connection_prepareStatement(FilterChainImpl.java:448)
	at com.alibaba.druid.proxy.jdbc.ConnectionProxyImpl.prepareStatement(ConnectionProxyImpl.java:342)
	at com.alibaba.druid.pool.DruidPooledConnection.prepareStatement(DruidPooledConnection.java:318)
	at org.apache.ibatis.executor.statement.PreparedStatementHandler.instantiateStatement(PreparedStatementHandler.java:75)
	at org.apache.ibatis.executor.statement.BaseStatementHandler.prepare(BaseStatementHandler.java:85)
	at org.apache.ibatis.executor.statement.RoutingStatementHandler.prepare(RoutingStatementHandler.java:57)
	at org.apache.ibatis.executor.SimpleExecutor.prepareStatement(SimpleExecutor.java:73)
	at org.apache.ibatis.executor.SimpleExecutor.doUpdate(SimpleExecutor.java:47)
	at org.apache.ibatis.executor.BaseExecutor.update(BaseExecutor.java:105)
	at org.apache.ibatis.executor.CachingExecutor.update(CachingExecutor.java:71)
	at org.apache.ibatis.session.defaults.DefaultSqlSession.update(DefaultSqlSession.java:152)
	at sun.reflect.NativeMethodAccessorImpl.invoke0(Native Method)
	at sun.reflect.NativeMethodAccessorImpl.invoke(NativeMethodAccessorImpl.java:62)
	at sun.reflect.DelegatingMethodAccessorImpl.invoke(DelegatingMethodAccessorImpl.java:43)
	at java.lang.reflect.Method.invoke(Method.java:498)
	at org.mybatis.spring.SqlSessionTemplate$SqlSessionInterceptor.invoke(SqlSessionTemplate.java:358)
	at com.sun.proxy.$Proxy14.update(Unknown Source)
	at org.mybatis.spring.SqlSessionTemplate.update(SqlSessionTemplate.java:254)
	at org.apache.ibatis.binding.MapperMethod.execute(MapperMethod.java:54)
	at org.apache.ibatis.binding.MapperProxy.invoke(MapperProxy.java:52)
	at com.sun.proxy.$Proxy15.updateMsgLogStatus(Unknown Source)
	at com.hl95.common.service.impl.SmsManageServiceImpl.updateMsgLogStatus(SmsManageServiceImpl.java:191)
	at sun.reflect.NativeMethodAccessorImpl.invoke0(Native Method)
	at sun.reflect.NativeMethodAccessorImpl.invoke(NativeMethodAccessorImpl.java:62)
	at sun.reflect.DelegatingMethodAccessorImpl.invoke(DelegatingMethodAccessorImpl.java:43)
	at java.lang.reflect.Method.invoke(Method.java:498)
	at org.springframework.aop.support.AopUtils.invokeJoinpointUsingReflection(AopUtils.java:333)
	at org.springframework.aop.framework.ReflectiveMethodInvocation.invokeJoinpoint(ReflectiveMethodInvocation.java:190)
	at org.springframework.aop.framework.ReflectiveMethodInvocation.proceed(ReflectiveMethodInvocation.java:157)
	at com.alibaba.druid.support.spring.stat.DruidStatInterceptor.invoke(DruidStatInterceptor.java:72)
	at org.springframework.aop.framework.ReflectiveMethodInvocation.proceed(ReflectiveMethodInvocation.java:179)
	at org.springframework.transaction.interceptor.TransactionInterceptor$1.proceedWithInvocation(TransactionInterceptor.java:99)
	at org.springframework.transaction.interceptor.TransactionAspectSupport.invokeWithinTransaction(TransactionAspectSupport.java:282)
	at org.springframework.transaction.interceptor.TransactionInterceptor.invoke(TransactionInterceptor.java:96)
	at org.springframework.aop.framework.ReflectiveMethodInvocation.proceed(ReflectiveMethodInvocation.java:179)
	at org.springframework.aop.interceptor.ExposeInvocationInterceptor.invoke(ExposeInvocationInterceptor.java:92)
	at org.springframework.aop.framework.ReflectiveMethodInvocation.proceed(ReflectiveMethodInvocation.java:179)
	at org.springframework.aop.framework.JdkDynamicAopProxy.invoke(JdkDynamicAopProxy.java:213)
	at com.sun.proxy.$Proxy18.updateMsgLogStatus(Unknown Source)
	at com.hl95.common.controller.SmsManageController.getSms(SmsManageController.java:192)
	at sun.reflect.GeneratedMethodAccessor7.invoke(Unknown Source)
	at sun.reflect.DelegatingMethodAccessorImpl.invoke(DelegatingMethodAccessorImpl.java:43)
	at java.lang.reflect.Method.invoke(Method.java:498)
	at org.springframework.scheduling.support.ScheduledMethodRunnable.run(ScheduledMethodRunnable.java:65)
	at org.springframework.scheduling.support.DelegatingErrorHandlingRunnable.run(DelegatingErrorHandlingRunnable.java:54)
	at java.util.concurrent.Executors$RunnableAdapter.call(Executors.java:511)
	at java.util.concurrent.FutureTask.runAndReset(FutureTask.java:308)
	at java.util.concurrent.ScheduledThreadPoolExecutor$ScheduledFutureTask.access$301(ScheduledThreadPoolExecutor.java:180)
	at java.util.concurrent.ScheduledThreadPoolExecutor$ScheduledFutureTask.run(ScheduledThreadPoolExecutor.java:294)
	at java.util.concurrent.ThreadPoolExecutor.runWorker(ThreadPoolExecutor.java:1149)
	at java.util.concurrent.ThreadPoolExecutor$Worker.run(ThreadPoolExecutor.java:624)
	at java.lang.Thread.run(Thread.java:748)
[INFO][2018-05-29 08:17:47,599][org.springframework.beans.factory.xml.XmlBeanDefinitionReader]Loading XML bean definitions from class path resource [org/springframework/jdbc/support/sql-error-codes.xml]
[INFO][2018-05-29 08:17:47,652][org.springframework.jdbc.support.SQLErrorCodesFactory]SQLErrorCodes loaded: [DB2, Derby, H2, HSQL, Informix, MS-SQL, MySQL, Oracle, PostgreSQL, Sybase, Hana]
[ERROR][2018-05-29 08:17:47,668][org.springframework.scheduling.support.TaskUtils$LoggingErrorHandler]Unexpected error occurred in scheduled task.
org.springframework.jdbc.BadSqlGrammarException: 
### Error updating database.  Cause: com.mysql.jdbc.exceptions.jdbc4.MySQLSyntaxErrorException: #42000
### The error may involve com.hl95.common.dao.ISmsManageDao.updateMsgLogStatus-Inline
### The error occurred while setting parameters
### SQL: update sms_msg_log    set     receiveDate =      case requestId       when cd4f762effcf49b783f16b679320e878 then      end     ,    statusCode =      case requestId       when cd4f762effcf49b783f16b679320e878 then HND:009     end    where           requestId = cd4f762effcf49b783f16b679320e878
### Cause: com.mysql.jdbc.exceptions.jdbc4.MySQLSyntaxErrorException: #42000
; bad SQL grammar []; nested exception is com.mysql.jdbc.exceptions.jdbc4.MySQLSyntaxErrorException: #42000
	at org.springframework.jdbc.support.SQLErrorCodeSQLExceptionTranslator.doTranslate(SQLErrorCodeSQLExceptionTranslator.java:231)
	at org.springframework.jdbc.support.AbstractFallbackSQLExceptionTranslator.translate(AbstractFallbackSQLExceptionTranslator.java:73)
	at org.mybatis.spring.MyBatisExceptionTranslator.translateExceptionIfPossible(MyBatisExceptionTranslator.java:73)
	at org.mybatis.spring.SqlSessionTemplate$SqlSessionInterceptor.invoke(SqlSessionTemplate.java:371)
	at com.sun.proxy.$Proxy14.update(Unknown Source)
	at org.mybatis.spring.SqlSessionTemplate.update(SqlSessionTemplate.java:254)
	at org.apache.ibatis.binding.MapperMethod.execute(MapperMethod.java:54)
	at org.apache.ibatis.binding.MapperProxy.invoke(MapperProxy.java:52)
	at com.sun.proxy.$Proxy15.updateMsgLogStatus(Unknown Source)
	at com.hl95.common.service.impl.SmsManageServiceImpl.updateMsgLogStatus(SmsManageServiceImpl.java:191)
	at sun.reflect.NativeMethodAccessorImpl.invoke0(Native Method)
	at sun.reflect.NativeMethodAccessorImpl.invoke(NativeMethodAccessorImpl.java:62)
	at sun.reflect.DelegatingMethodAccessorImpl.invoke(DelegatingMethodAccessorImpl.java:43)
	at java.lang.reflect.Method.invoke(Method.java:498)
	at org.springframework.aop.support.AopUtils.invokeJoinpointUsingReflection(AopUtils.java:333)
	at org.springframework.aop.framework.ReflectiveMethodInvocation.invokeJoinpoint(ReflectiveMethodInvocation.java:190)
	at org.springframework.aop.framework.ReflectiveMethodInvocation.proceed(ReflectiveMethodInvocation.java:157)
	at com.alibaba.druid.support.spring.stat.DruidStatInterceptor.invoke(DruidStatInterceptor.java:72)
	at org.springframework.aop.framework.ReflectiveMethodInvocation.proceed(ReflectiveMethodInvocation.java:179)
	at org.springframework.transaction.interceptor.TransactionInterceptor$1.proceedWithInvocation(TransactionInterceptor.java:99)
	at org.springframework.transaction.interceptor.TransactionAspectSupport.invokeWithinTransaction(TransactionAspectSupport.java:282)
	at org.springframework.transaction.interceptor.TransactionInterceptor.invoke(TransactionInterceptor.java:96)
	at org.springframework.aop.framework.ReflectiveMethodInvocation.proceed(ReflectiveMethodInvocation.java:179)
	at org.springframework.aop.interceptor.ExposeInvocationInterceptor.invoke(ExposeInvocationInterceptor.java:92)
	at org.springframework.aop.framework.ReflectiveMethodInvocation.proceed(ReflectiveMethodInvocation.java:179)
	at org.springframework.aop.framework.JdkDynamicAopProxy.invoke(JdkDynamicAopProxy.java:213)
	at com.sun.proxy.$Proxy18.updateMsgLogStatus(Unknown Source)
	at com.hl95.common.controller.SmsManageController.getSms(SmsManageController.java:192)
	at sun.reflect.GeneratedMethodAccessor7.invoke(Unknown Source)
	at sun.reflect.DelegatingMethodAccessorImpl.invoke(DelegatingMethodAccessorImpl.java:43)
	at java.lang.reflect.Method.invoke(Method.java:498)
	at org.springframework.scheduling.support.ScheduledMethodRunnable.run(ScheduledMethodRunnable.java:65)
	at org.springframework.scheduling.support.DelegatingErrorHandlingRunnable.run(DelegatingErrorHandlingRunnable.java:54)
	at java.util.concurrent.Executors$RunnableAdapter.call(Executors.java:511)
	at java.util.concurrent.FutureTask.runAndReset(FutureTask.java:308)
	at java.util.concurrent.ScheduledThreadPoolExecutor$ScheduledFutureTask.access$301(ScheduledThreadPoolExecutor.java:180)
	at java.util.concurrent.ScheduledThreadPoolExecutor$ScheduledFutureTask.run(ScheduledThreadPoolExecutor.java:294)
	at java.util.concurrent.ThreadPoolExecutor.runWorker(ThreadPoolExecutor.java:1149)
	at java.util.concurrent.ThreadPoolExecutor$Worker.run(ThreadPoolExecutor.java:624)
	at java.lang.Thread.run(Thread.java:748)
Caused by: com.mysql.jdbc.exceptions.jdbc4.MySQLSyntaxErrorException: #42000
	at sun.reflect.NativeConstructorAccessorImpl.newInstance0(Native Method)
	at sun.reflect.NativeConstructorAccessorImpl.newInstance(NativeConstructorAccessorImpl.java:62)
	at sun.reflect.DelegatingConstructorAccessorImpl.newInstance(DelegatingConstructorAccessorImpl.java:45)
	at java.lang.reflect.Constructor.newInstance(Constructor.java:423)
	at com.mysql.jdbc.Util.handleNewInstance(Util.java:377)
	at com.mysql.jdbc.Util.getInstance(Util.java:360)
	at com.mysql.jdbc.SQLError.createSQLException(SQLError.java:978)
	at com.mysql.jdbc.MysqlIO.checkErrorPacket(MysqlIO.java:3887)
	at com.mysql.jdbc.MysqlIO.checkErrorPacket(MysqlIO.java:3823)
	at com.mysql.jdbc.MysqlIO.sendCommand(MysqlIO.java:2435)
	at com.mysql.jdbc.MysqlIO.sqlQueryDirect(MysqlIO.java:2582)
	at com.mysql.jdbc.ConnectionImpl.execSQL(ConnectionImpl.java:2530)
	at com.mysql.jdbc.PreparedStatement.executeInternal(PreparedStatement.java:1907)
	at com.mysql.jdbc.PreparedStatement.execute(PreparedStatement.java:1199)
	at com.alibaba.druid.filter.FilterChainImpl.preparedStatement_execute(FilterChainImpl.java:2931)
	at com.alibaba.druid.filter.FilterEventAdapter.preparedStatement_execute(FilterEventAdapter.java:440)
	at com.alibaba.druid.filter.FilterChainImpl.preparedStatement_execute(FilterChainImpl.java:2929)
	at com.alibaba.druid.proxy.jdbc.PreparedStatementProxyImpl.execute(PreparedStatementProxyImpl.java:118)
	at com.alibaba.druid.pool.DruidPooledPreparedStatement.execute(DruidPooledPreparedStatement.java:493)
	at org.apache.ibatis.executor.statement.PreparedStatementHandler.update(PreparedStatementHandler.java:44)
	at org.apache.ibatis.executor.statement.RoutingStatementHandler.update(RoutingStatementHandler.java:69)
	at org.apache.ibatis.executor.SimpleExecutor.doUpdate(SimpleExecutor.java:48)
	at org.apache.ibatis.executor.BaseExecutor.update(BaseExecutor.java:105)
	at org.apache.ibatis.executor.CachingExecutor.update(CachingExecutor.java:71)
	at org.apache.ibatis.session.defaults.DefaultSqlSession.update(DefaultSqlSession.java:152)
	at sun.reflect.NativeMethodAccessorImpl.invoke0(Native Method)
	at sun.reflect.NativeMethodAccessorImpl.invoke(NativeMethodAccessorImpl.java:62)
	at sun.reflect.DelegatingMethodAccessorImpl.invoke(DelegatingMethodAccessorImpl.java:43)
	at java.lang.reflect.Method.invoke(Method.java:498)
	at org.mybatis.spring.SqlSessionTemplate$SqlSessionInterceptor.invoke(SqlSessionTemplate.java:358)
	... 36 more
[INFO][2018-05-29 08:20:04,090][org.springframework.web.servlet.DispatcherServlet]FrameworkServlet 'springMvc': initialization started
[INFO][2018-05-29 08:20:04,098][org.springframework.web.context.support.XmlWebApplicationContext]Refreshing WebApplicationContext for namespace 'springMvc-servlet': startup date [Tue May 29 08:20:04 CST 2018]; parent: Root WebApplicationContext
[INFO][2018-05-29 08:20:04,101][org.springframework.beans.factory.xml.XmlBeanDefinitionReader]Loading XML bean definitions from class path resource [spring/spring-mvc.xml]
[INFO][2018-05-29 08:20:04,742][org.springframework.web.servlet.mvc.annotation.DefaultAnnotationHandlerMapping]Mapped URL path [/api/sms/send] onto handler 'smsManageController'
[INFO][2018-05-29 08:20:04,743][org.springframework.web.servlet.mvc.annotation.DefaultAnnotationHandlerMapping]Mapped URL path [/api/sms/send.*] onto handler 'smsManageController'
[INFO][2018-05-29 08:20:04,744][org.springframework.web.servlet.mvc.annotation.DefaultAnnotationHandlerMapping]Mapped URL path [/api/sms/send/] onto handler 'smsManageController'
[INFO][2018-05-29 08:20:04,746][org.springframework.web.servlet.mvc.annotation.DefaultAnnotationHandlerMapping]Mapped URL path [/report] onto handler 'smsReceiveController'
[INFO][2018-05-29 08:20:04,747][org.springframework.web.servlet.mvc.annotation.DefaultAnnotationHandlerMapping]Mapped URL path [/report.*] onto handler 'smsReceiveController'
[INFO][2018-05-29 08:20:04,747][org.springframework.web.servlet.mvc.annotation.DefaultAnnotationHandlerMapping]Mapped URL path [/report/] onto handler 'smsReceiveController'
[INFO][2018-05-29 08:20:04,748][org.springframework.web.servlet.mvc.annotation.DefaultAnnotationHandlerMapping]Mapped URL path [/upon] onto handler 'smsReceiveController'
[INFO][2018-05-29 08:20:04,749][org.springframework.web.servlet.mvc.annotation.DefaultAnnotationHandlerMapping]Mapped URL path [/upon.*] onto handler 'smsReceiveController'
[INFO][2018-05-29 08:20:04,752][org.springframework.web.servlet.mvc.annotation.DefaultAnnotationHandlerMapping]Mapped URL path [/upon/] onto handler 'smsReceiveController'
[INFO][2018-05-29 08:20:04,825][org.springframework.web.servlet.DispatcherServlet]FrameworkServlet 'springMvc': initialization completed in 734 ms
[INFO][2018-05-29 08:20:08,191][com.hl95.common.service.impl.SmsManageServiceImpl]请求参数={password=670b14728ad9902aecba32e22fa4f6bd, linkid=12334, signame=中信银行, phone=13716072540, remoteHost=127.0.0.1, message=尊敬的客户，恭喜获得中信白金卡申请资格！额度高，随时取现，最长50天免息还款。官网申请 0x7.me/7K3x 退订回T, username=hltest}
[ERROR][2018-05-29 08:20:28,424][com.alibaba.druid.filter.stat.StatFilter]merge sql error, dbType mysql, sql : 
update sms_msg_log
			set
			
			statusCode = 
			 case requestId  
				when 98b3c8500743426aa9a2938d112720a4 then HND:009
			 end 
		where 
		   
			requestId = 98b3c8500743426aa9a2938d112720a4
com.alibaba.druid.sql.parser.ParserException: syntax error, expect END, actual VARIANT :009
	at com.alibaba.druid.sql.parser.SQLExprParser.accept(SQLExprParser.java:1449)
	at com.alibaba.druid.sql.parser.SQLExprParser.primary(SQLExprParser.java:352)
	at com.alibaba.druid.sql.dialect.mysql.parser.MySqlExprParser.primary(MySqlExprParser.java:166)
	at com.alibaba.druid.sql.parser.SQLExprParser.expr(SQLExprParser.java:118)
	at com.alibaba.druid.sql.dialect.mysql.parser.MySqlStatementParser.parseUpdateSet(MySqlStatementParser.java:2629)
	at com.alibaba.druid.sql.dialect.mysql.parser.MySqlStatementParser.parseUpdateStatement(MySqlStatementParser.java:218)
	at com.alibaba.druid.sql.parser.SQLStatementParser.parseStatementList(SQLStatementParser.java:150)
	at com.alibaba.druid.sql.parser.SQLStatementParser.parseStatementList(SQLStatementParser.java:121)
	at com.alibaba.druid.sql.parser.SQLStatementParser.parseStatementList(SQLStatementParser.java:116)
	at com.alibaba.druid.sql.visitor.ParameterizedOutputVisitorUtils.parameterize(ParameterizedOutputVisitorUtils.java:53)
	at com.alibaba.druid.filter.stat.StatFilter.mergeSql(StatFilter.java:145)
	at com.alibaba.druid.filter.stat.StatFilter.createSqlStat(StatFilter.java:629)
	at com.alibaba.druid.filter.stat.StatFilter.statementPrepareAfter(StatFilter.java:305)
	at com.alibaba.druid.filter.FilterEventAdapter.connection_prepareStatement(FilterEventAdapter.java:124)
	at com.alibaba.druid.filter.FilterChainImpl.connection_prepareStatement(FilterChainImpl.java:448)
	at com.alibaba.druid.proxy.jdbc.ConnectionProxyImpl.prepareStatement(ConnectionProxyImpl.java:342)
	at com.alibaba.druid.pool.DruidPooledConnection.prepareStatement(DruidPooledConnection.java:318)
	at org.apache.ibatis.executor.statement.PreparedStatementHandler.instantiateStatement(PreparedStatementHandler.java:75)
	at org.apache.ibatis.executor.statement.BaseStatementHandler.prepare(BaseStatementHandler.java:85)
	at org.apache.ibatis.executor.statement.RoutingStatementHandler.prepare(RoutingStatementHandler.java:57)
	at org.apache.ibatis.executor.SimpleExecutor.prepareStatement(SimpleExecutor.java:73)
	at org.apache.ibatis.executor.SimpleExecutor.doUpdate(SimpleExecutor.java:47)
	at org.apache.ibatis.executor.BaseExecutor.update(BaseExecutor.java:105)
	at org.apache.ibatis.executor.CachingExecutor.update(CachingExecutor.java:71)
	at org.apache.ibatis.session.defaults.DefaultSqlSession.update(DefaultSqlSession.java:152)
	at sun.reflect.NativeMethodAccessorImpl.invoke0(Native Method)
	at sun.reflect.NativeMethodAccessorImpl.invoke(NativeMethodAccessorImpl.java:62)
	at sun.reflect.DelegatingMethodAccessorImpl.invoke(DelegatingMethodAccessorImpl.java:43)
	at java.lang.reflect.Method.invoke(Method.java:498)
	at org.mybatis.spring.SqlSessionTemplate$SqlSessionInterceptor.invoke(SqlSessionTemplate.java:358)
	at com.sun.proxy.$Proxy14.update(Unknown Source)
	at org.mybatis.spring.SqlSessionTemplate.update(SqlSessionTemplate.java:254)
	at org.apache.ibatis.binding.MapperMethod.execute(MapperMethod.java:54)
	at org.apache.ibatis.binding.MapperProxy.invoke(MapperProxy.java:52)
	at com.sun.proxy.$Proxy15.updateMsgLogStatus(Unknown Source)
	at com.hl95.common.service.impl.SmsManageServiceImpl.updateMsgLogStatus(SmsManageServiceImpl.java:191)
	at sun.reflect.NativeMethodAccessorImpl.invoke0(Native Method)
	at sun.reflect.NativeMethodAccessorImpl.invoke(NativeMethodAccessorImpl.java:62)
	at sun.reflect.DelegatingMethodAccessorImpl.invoke(DelegatingMethodAccessorImpl.java:43)
	at java.lang.reflect.Method.invoke(Method.java:498)
	at org.springframework.aop.support.AopUtils.invokeJoinpointUsingReflection(AopUtils.java:333)
	at org.springframework.aop.framework.ReflectiveMethodInvocation.invokeJoinpoint(ReflectiveMethodInvocation.java:190)
	at org.springframework.aop.framework.ReflectiveMethodInvocation.proceed(ReflectiveMethodInvocation.java:157)
	at com.alibaba.druid.support.spring.stat.DruidStatInterceptor.invoke(DruidStatInterceptor.java:72)
	at org.springframework.aop.framework.ReflectiveMethodInvocation.proceed(ReflectiveMethodInvocation.java:179)
	at org.springframework.transaction.interceptor.TransactionInterceptor$1.proceedWithInvocation(TransactionInterceptor.java:99)
	at org.springframework.transaction.interceptor.TransactionAspectSupport.invokeWithinTransaction(TransactionAspectSupport.java:282)
	at org.springframework.transaction.interceptor.TransactionInterceptor.invoke(TransactionInterceptor.java:96)
	at org.springframework.aop.framework.ReflectiveMethodInvocation.proceed(ReflectiveMethodInvocation.java:179)
	at org.springframework.aop.interceptor.ExposeInvocationInterceptor.invoke(ExposeInvocationInterceptor.java:92)
	at org.springframework.aop.framework.ReflectiveMethodInvocation.proceed(ReflectiveMethodInvocation.java:179)
	at org.springframework.aop.framework.JdkDynamicAopProxy.invoke(JdkDynamicAopProxy.java:213)
	at com.sun.proxy.$Proxy18.updateMsgLogStatus(Unknown Source)
	at com.hl95.common.controller.SmsManageController.getSms(SmsManageController.java:192)
	at sun.reflect.GeneratedMethodAccessor9.invoke(Unknown Source)
	at sun.reflect.DelegatingMethodAccessorImpl.invoke(DelegatingMethodAccessorImpl.java:43)
	at java.lang.reflect.Method.invoke(Method.java:498)
	at org.springframework.scheduling.support.ScheduledMethodRunnable.run(ScheduledMethodRunnable.java:65)
	at org.springframework.scheduling.support.DelegatingErrorHandlingRunnable.run(DelegatingErrorHandlingRunnable.java:54)
	at java.util.concurrent.Executors$RunnableAdapter.call(Executors.java:511)
	at java.util.concurrent.FutureTask.runAndReset(FutureTask.java:308)
	at java.util.concurrent.ScheduledThreadPoolExecutor$ScheduledFutureTask.access$301(ScheduledThreadPoolExecutor.java:180)
	at java.util.concurrent.ScheduledThreadPoolExecutor$ScheduledFutureTask.run(ScheduledThreadPoolExecutor.java:294)
	at java.util.concurrent.ThreadPoolExecutor.runWorker(ThreadPoolExecutor.java:1149)
	at java.util.concurrent.ThreadPoolExecutor$Worker.run(ThreadPoolExecutor.java:624)
	at java.lang.Thread.run(Thread.java:748)
[INFO][2018-05-29 08:20:28,439][org.springframework.beans.factory.xml.XmlBeanDefinitionReader]Loading XML bean definitions from class path resource [org/springframework/jdbc/support/sql-error-codes.xml]
[INFO][2018-05-29 08:20:28,493][org.springframework.jdbc.support.SQLErrorCodesFactory]SQLErrorCodes loaded: [DB2, Derby, H2, HSQL, Informix, MS-SQL, MySQL, Oracle, PostgreSQL, Sybase, Hana]
[ERROR][2018-05-29 08:20:28,510][org.springframework.scheduling.support.TaskUtils$LoggingErrorHandler]Unexpected error occurred in scheduled task.
org.springframework.jdbc.BadSqlGrammarException: 
### Error updating database.  Cause: com.mysql.jdbc.exceptions.jdbc4.MySQLSyntaxErrorException: #42000
### The error may involve com.hl95.common.dao.ISmsManageDao.updateMsgLogStatus-Inline
### The error occurred while setting parameters
### SQL: update sms_msg_log    set        statusCode =      case requestId       when 98b3c8500743426aa9a2938d112720a4 then HND:009     end    where           requestId = 98b3c8500743426aa9a2938d112720a4
### Cause: com.mysql.jdbc.exceptions.jdbc4.MySQLSyntaxErrorException: #42000
; bad SQL grammar []; nested exception is com.mysql.jdbc.exceptions.jdbc4.MySQLSyntaxErrorException: #42000
	at org.springframework.jdbc.support.SQLErrorCodeSQLExceptionTranslator.doTranslate(SQLErrorCodeSQLExceptionTranslator.java:231)
	at org.springframework.jdbc.support.AbstractFallbackSQLExceptionTranslator.translate(AbstractFallbackSQLExceptionTranslator.java:73)
	at org.mybatis.spring.MyBatisExceptionTranslator.translateExceptionIfPossible(MyBatisExceptionTranslator.java:73)
	at org.mybatis.spring.SqlSessionTemplate$SqlSessionInterceptor.invoke(SqlSessionTemplate.java:371)
	at com.sun.proxy.$Proxy14.update(Unknown Source)
	at org.mybatis.spring.SqlSessionTemplate.update(SqlSessionTemplate.java:254)
	at org.apache.ibatis.binding.MapperMethod.execute(MapperMethod.java:54)
	at org.apache.ibatis.binding.MapperProxy.invoke(MapperProxy.java:52)
	at com.sun.proxy.$Proxy15.updateMsgLogStatus(Unknown Source)
	at com.hl95.common.service.impl.SmsManageServiceImpl.updateMsgLogStatus(SmsManageServiceImpl.java:191)
	at sun.reflect.NativeMethodAccessorImpl.invoke0(Native Method)
	at sun.reflect.NativeMethodAccessorImpl.invoke(NativeMethodAccessorImpl.java:62)
	at sun.reflect.DelegatingMethodAccessorImpl.invoke(DelegatingMethodAccessorImpl.java:43)
	at java.lang.reflect.Method.invoke(Method.java:498)
	at org.springframework.aop.support.AopUtils.invokeJoinpointUsingReflection(AopUtils.java:333)
	at org.springframework.aop.framework.ReflectiveMethodInvocation.invokeJoinpoint(ReflectiveMethodInvocation.java:190)
	at org.springframework.aop.framework.ReflectiveMethodInvocation.proceed(ReflectiveMethodInvocation.java:157)
	at com.alibaba.druid.support.spring.stat.DruidStatInterceptor.invoke(DruidStatInterceptor.java:72)
	at org.springframework.aop.framework.ReflectiveMethodInvocation.proceed(ReflectiveMethodInvocation.java:179)
	at org.springframework.transaction.interceptor.TransactionInterceptor$1.proceedWithInvocation(TransactionInterceptor.java:99)
	at org.springframework.transaction.interceptor.TransactionAspectSupport.invokeWithinTransaction(TransactionAspectSupport.java:282)
	at org.springframework.transaction.interceptor.TransactionInterceptor.invoke(TransactionInterceptor.java:96)
	at org.springframework.aop.framework.ReflectiveMethodInvocation.proceed(ReflectiveMethodInvocation.java:179)
	at org.springframework.aop.interceptor.ExposeInvocationInterceptor.invoke(ExposeInvocationInterceptor.java:92)
	at org.springframework.aop.framework.ReflectiveMethodInvocation.proceed(ReflectiveMethodInvocation.java:179)
	at org.springframework.aop.framework.JdkDynamicAopProxy.invoke(JdkDynamicAopProxy.java:213)
	at com.sun.proxy.$Proxy18.updateMsgLogStatus(Unknown Source)
	at com.hl95.common.controller.SmsManageController.getSms(SmsManageController.java:192)
	at sun.reflect.GeneratedMethodAccessor9.invoke(Unknown Source)
	at sun.reflect.DelegatingMethodAccessorImpl.invoke(DelegatingMethodAccessorImpl.java:43)
	at java.lang.reflect.Method.invoke(Method.java:498)
	at org.springframework.scheduling.support.ScheduledMethodRunnable.run(ScheduledMethodRunnable.java:65)
	at org.springframework.scheduling.support.DelegatingErrorHandlingRunnable.run(DelegatingErrorHandlingRunnable.java:54)
	at java.util.concurrent.Executors$RunnableAdapter.call(Executors.java:511)
	at java.util.concurrent.FutureTask.runAndReset(FutureTask.java:308)
	at java.util.concurrent.ScheduledThreadPoolExecutor$ScheduledFutureTask.access$301(ScheduledThreadPoolExecutor.java:180)
	at java.util.concurrent.ScheduledThreadPoolExecutor$ScheduledFutureTask.run(ScheduledThreadPoolExecutor.java:294)
	at java.util.concurrent.ThreadPoolExecutor.runWorker(ThreadPoolExecutor.java:1149)
	at java.util.concurrent.ThreadPoolExecutor$Worker.run(ThreadPoolExecutor.java:624)
	at java.lang.Thread.run(Thread.java:748)
Caused by: com.mysql.jdbc.exceptions.jdbc4.MySQLSyntaxErrorException: #42000
	at sun.reflect.NativeConstructorAccessorImpl.newInstance0(Native Method)
	at sun.reflect.NativeConstructorAccessorImpl.newInstance(NativeConstructorAccessorImpl.java:62)
	at sun.reflect.DelegatingConstructorAccessorImpl.newInstance(DelegatingConstructorAccessorImpl.java:45)
	at java.lang.reflect.Constructor.newInstance(Constructor.java:423)
	at com.mysql.jdbc.Util.handleNewInstance(Util.java:377)
	at com.mysql.jdbc.Util.getInstance(Util.java:360)
	at com.mysql.jdbc.SQLError.createSQLException(SQLError.java:978)
	at com.mysql.jdbc.MysqlIO.checkErrorPacket(MysqlIO.java:3887)
	at com.mysql.jdbc.MysqlIO.checkErrorPacket(MysqlIO.java:3823)
	at com.mysql.jdbc.MysqlIO.sendCommand(MysqlIO.java:2435)
	at com.mysql.jdbc.MysqlIO.sqlQueryDirect(MysqlIO.java:2582)
	at com.mysql.jdbc.ConnectionImpl.execSQL(ConnectionImpl.java:2530)
	at com.mysql.jdbc.PreparedStatement.executeInternal(PreparedStatement.java:1907)
	at com.mysql.jdbc.PreparedStatement.execute(PreparedStatement.java:1199)
	at com.alibaba.druid.filter.FilterChainImpl.preparedStatement_execute(FilterChainImpl.java:2931)
	at com.alibaba.druid.filter.FilterEventAdapter.preparedStatement_execute(FilterEventAdapter.java:440)
	at com.alibaba.druid.filter.FilterChainImpl.preparedStatement_execute(FilterChainImpl.java:2929)
	at com.alibaba.druid.proxy.jdbc.PreparedStatementProxyImpl.execute(PreparedStatementProxyImpl.java:118)
	at com.alibaba.druid.pool.DruidPooledPreparedStatement.execute(DruidPooledPreparedStatement.java:493)
	at org.apache.ibatis.executor.statement.PreparedStatementHandler.update(PreparedStatementHandler.java:44)
	at org.apache.ibatis.executor.statement.RoutingStatementHandler.update(RoutingStatementHandler.java:69)
	at org.apache.ibatis.executor.SimpleExecutor.doUpdate(SimpleExecutor.java:48)
	at org.apache.ibatis.executor.BaseExecutor.update(BaseExecutor.java:105)
	at org.apache.ibatis.executor.CachingExecutor.update(CachingExecutor.java:71)
	at org.apache.ibatis.session.defaults.DefaultSqlSession.update(DefaultSqlSession.java:152)
	at sun.reflect.NativeMethodAccessorImpl.invoke0(Native Method)
	at sun.reflect.NativeMethodAccessorImpl.invoke(NativeMethodAccessorImpl.java:62)
	at sun.reflect.DelegatingMethodAccessorImpl.invoke(DelegatingMethodAccessorImpl.java:43)
	at java.lang.reflect.Method.invoke(Method.java:498)
	at org.mybatis.spring.SqlSessionTemplate$SqlSessionInterceptor.invoke(SqlSessionTemplate.java:358)
	... 36 more
[INFO][2018-05-29 08:26:07,016][org.springframework.web.servlet.DispatcherServlet]FrameworkServlet 'springMvc': initialization started
[INFO][2018-05-29 08:26:07,025][org.springframework.web.context.support.XmlWebApplicationContext]Refreshing WebApplicationContext for namespace 'springMvc-servlet': startup date [Tue May 29 08:26:07 CST 2018]; parent: Root WebApplicationContext
[INFO][2018-05-29 08:26:07,027][org.springframework.beans.factory.xml.XmlBeanDefinitionReader]Loading XML bean definitions from class path resource [spring/spring-mvc.xml]
[INFO][2018-05-29 08:26:07,646][org.springframework.web.servlet.mvc.annotation.DefaultAnnotationHandlerMapping]Mapped URL path [/api/sms/send] onto handler 'smsManageController'
[INFO][2018-05-29 08:26:07,646][org.springframework.web.servlet.mvc.annotation.DefaultAnnotationHandlerMapping]Mapped URL path [/api/sms/send.*] onto handler 'smsManageController'
[INFO][2018-05-29 08:26:07,647][org.springframework.web.servlet.mvc.annotation.DefaultAnnotationHandlerMapping]Mapped URL path [/api/sms/send/] onto handler 'smsManageController'
[INFO][2018-05-29 08:26:07,649][org.springframework.web.servlet.mvc.annotation.DefaultAnnotationHandlerMapping]Mapped URL path [/upon] onto handler 'smsReceiveController'
[INFO][2018-05-29 08:26:07,650][org.springframework.web.servlet.mvc.annotation.DefaultAnnotationHandlerMapping]Mapped URL path [/upon.*] onto handler 'smsReceiveController'
[INFO][2018-05-29 08:26:07,650][org.springframework.web.servlet.mvc.annotation.DefaultAnnotationHandlerMapping]Mapped URL path [/upon/] onto handler 'smsReceiveController'
[INFO][2018-05-29 08:26:07,651][org.springframework.web.servlet.mvc.annotation.DefaultAnnotationHandlerMapping]Mapped URL path [/report] onto handler 'smsReceiveController'
[INFO][2018-05-29 08:26:07,651][org.springframework.web.servlet.mvc.annotation.DefaultAnnotationHandlerMapping]Mapped URL path [/report.*] onto handler 'smsReceiveController'
[INFO][2018-05-29 08:26:07,652][org.springframework.web.servlet.mvc.annotation.DefaultAnnotationHandlerMapping]Mapped URL path [/report/] onto handler 'smsReceiveController'
[INFO][2018-05-29 08:26:07,720][org.springframework.web.servlet.DispatcherServlet]FrameworkServlet 'springMvc': initialization completed in 703 ms
[INFO][2018-05-29 08:26:11,878][com.hl95.common.service.impl.SmsManageServiceImpl]请求参数={password=670b14728ad9902aecba32e22fa4f6bd, linkid=12334, signame=中信银行, phone=13716072540, remoteHost=127.0.0.1, message=尊敬的客户，恭喜获得中信白金卡申请资格！额度高，随时取现，最长50天免息还款。官网申请 0x7.me/7K3x 退订回T, username=hltest}
