[INFO][2018-04-10 10:53:39,234][org.springframework.web.servlet.DispatcherServlet]FrameworkServlet 'springMvc': initialization started
[INFO][2018-04-10 10:53:39,241][org.springframework.web.context.support.XmlWebApplicationContext]Refreshing WebApplicationContext for namespace 'springMvc-servlet': startup date [Tue Apr 10 10:53:39 CST 2018]; parent: Root WebApplicationContext
[INFO][2018-04-10 10:53:39,243][org.springframework.beans.factory.xml.XmlBeanDefinitionReader]Loading XML bean definitions from class path resource [spring/spring-mvc.xml]
[INFO][2018-04-10 10:53:39,840][org.springframework.web.servlet.mvc.annotation.DefaultAnnotationHandlerMapping]Mapped URL path [/upon] onto handler 'paramsController'
[INFO][2018-04-10 10:53:39,841][org.springframework.web.servlet.mvc.annotation.DefaultAnnotationHandlerMapping]Mapped URL path [/upon.*] onto handler 'paramsController'
[INFO][2018-04-10 10:53:39,844][org.springframework.web.servlet.mvc.annotation.DefaultAnnotationHandlerMapping]Mapped URL path [/upon/] onto handler 'paramsController'
[INFO][2018-04-10 10:53:39,845][org.springframework.web.servlet.mvc.annotation.DefaultAnnotationHandlerMapping]Mapped URL path [/report] onto handler 'paramsController'
[INFO][2018-04-10 10:53:39,847][org.springframework.web.servlet.mvc.annotation.DefaultAnnotationHandlerMapping]Mapped URL path [/report.*] onto handler 'paramsController'
[INFO][2018-04-10 10:53:39,849][org.springframework.web.servlet.mvc.annotation.DefaultAnnotationHandlerMapping]Mapped URL path [/report/] onto handler 'paramsController'
[INFO][2018-04-10 10:53:39,851][org.springframework.web.servlet.mvc.annotation.DefaultAnnotationHandlerMapping]Mapped URL path [/api/sms/send] onto handler 'smsManageController'
[INFO][2018-04-10 10:53:39,852][org.springframework.web.servlet.mvc.annotation.DefaultAnnotationHandlerMapping]Mapped URL path [/api/sms/send.*] onto handler 'smsManageController'
[INFO][2018-04-10 10:53:39,852][org.springframework.web.servlet.mvc.annotation.DefaultAnnotationHandlerMapping]Mapped URL path [/api/sms/send/] onto handler 'smsManageController'
[INFO][2018-04-10 10:53:39,892][org.springframework.web.servlet.DispatcherServlet]FrameworkServlet 'springMvc': initialization completed in 656 ms
[INFO][2018-04-10 11:21:08,902][org.springframework.web.servlet.DispatcherServlet]FrameworkServlet 'springMvc': initialization started
[INFO][2018-04-10 11:21:08,909][org.springframework.web.context.support.XmlWebApplicationContext]Refreshing WebApplicationContext for namespace 'springMvc-servlet': startup date [Tue Apr 10 11:21:08 CST 2018]; parent: Root WebApplicationContext
[INFO][2018-04-10 11:21:08,915][org.springframework.beans.factory.xml.XmlBeanDefinitionReader]Loading XML bean definitions from class path resource [spring/spring-mvc.xml]
[INFO][2018-04-10 11:21:09,485][org.springframework.web.servlet.mvc.annotation.DefaultAnnotationHandlerMapping]Mapped URL path [/upon] onto handler 'paramsController'
[INFO][2018-04-10 11:21:09,486][org.springframework.web.servlet.mvc.annotation.DefaultAnnotationHandlerMapping]Mapped URL path [/upon.*] onto handler 'paramsController'
[INFO][2018-04-10 11:21:09,486][org.springframework.web.servlet.mvc.annotation.DefaultAnnotationHandlerMapping]Mapped URL path [/upon/] onto handler 'paramsController'
[INFO][2018-04-10 11:21:09,487][org.springframework.web.servlet.mvc.annotation.DefaultAnnotationHandlerMapping]Mapped URL path [/report] onto handler 'paramsController'
[INFO][2018-04-10 11:21:09,488][org.springframework.web.servlet.mvc.annotation.DefaultAnnotationHandlerMapping]Mapped URL path [/report.*] onto handler 'paramsController'
[INFO][2018-04-10 11:21:09,488][org.springframework.web.servlet.mvc.annotation.DefaultAnnotationHandlerMapping]Mapped URL path [/report/] onto handler 'paramsController'
[INFO][2018-04-10 11:21:09,490][org.springframework.web.servlet.mvc.annotation.DefaultAnnotationHandlerMapping]Mapped URL path [/api/sms/send] onto handler 'smsManageController'
[INFO][2018-04-10 11:21:09,491][org.springframework.web.servlet.mvc.annotation.DefaultAnnotationHandlerMapping]Mapped URL path [/api/sms/send.*] onto handler 'smsManageController'
[INFO][2018-04-10 11:21:09,492][org.springframework.web.servlet.mvc.annotation.DefaultAnnotationHandlerMapping]Mapped URL path [/api/sms/send/] onto handler 'smsManageController'
[INFO][2018-04-10 11:21:09,556][org.springframework.web.servlet.DispatcherServlet]FrameworkServlet 'springMvc': initialization completed in 652 ms
[INFO][2018-04-10 11:22:08,780][com.hl95.common.controller.ParamsController]状态参数={receiver=honglian, pswd=HongLian, mobile=13716072540, msgid=25020410093421755500, reportTime=1804100940, status=DELIVRD}
[INFO][2018-04-10 14:43:36,668][org.springframework.web.servlet.DispatcherServlet]FrameworkServlet 'springMvc': initialization started
[INFO][2018-04-10 14:43:36,674][org.springframework.web.context.support.XmlWebApplicationContext]Refreshing WebApplicationContext for namespace 'springMvc-servlet': startup date [Tue Apr 10 14:43:36 CST 2018]; parent: Root WebApplicationContext
[INFO][2018-04-10 14:43:36,676][org.springframework.beans.factory.xml.XmlBeanDefinitionReader]Loading XML bean definitions from class path resource [spring/spring-mvc.xml]
[INFO][2018-04-10 14:43:37,482][org.springframework.web.servlet.mvc.annotation.DefaultAnnotationHandlerMapping]Mapped URL path [/api/sms/send] onto handler 'smsManageController'
[INFO][2018-04-10 14:43:37,483][org.springframework.web.servlet.mvc.annotation.DefaultAnnotationHandlerMapping]Mapped URL path [/api/sms/send.*] onto handler 'smsManageController'
[INFO][2018-04-10 14:43:37,485][org.springframework.web.servlet.mvc.annotation.DefaultAnnotationHandlerMapping]Mapped URL path [/api/sms/send/] onto handler 'smsManageController'
[INFO][2018-04-10 14:43:37,487][org.springframework.web.servlet.mvc.annotation.DefaultAnnotationHandlerMapping]Mapped URL path [/report] onto handler 'smsReceiveController'
[INFO][2018-04-10 14:43:37,488][org.springframework.web.servlet.mvc.annotation.DefaultAnnotationHandlerMapping]Mapped URL path [/report.*] onto handler 'smsReceiveController'
[INFO][2018-04-10 14:43:37,489][org.springframework.web.servlet.mvc.annotation.DefaultAnnotationHandlerMapping]Mapped URL path [/report/] onto handler 'smsReceiveController'
[INFO][2018-04-10 14:43:37,489][org.springframework.web.servlet.mvc.annotation.DefaultAnnotationHandlerMapping]Mapped URL path [/upon] onto handler 'smsReceiveController'
[INFO][2018-04-10 14:43:37,490][org.springframework.web.servlet.mvc.annotation.DefaultAnnotationHandlerMapping]Mapped URL path [/upon.*] onto handler 'smsReceiveController'
[INFO][2018-04-10 14:43:37,490][org.springframework.web.servlet.mvc.annotation.DefaultAnnotationHandlerMapping]Mapped URL path [/upon/] onto handler 'smsReceiveController'
[INFO][2018-04-10 14:43:37,580][org.springframework.web.servlet.DispatcherServlet]FrameworkServlet 'springMvc': initialization completed in 910 ms
[INFO][2018-04-10 14:45:11,500][org.springframework.web.servlet.DispatcherServlet]FrameworkServlet 'springMvc': initialization started
[INFO][2018-04-10 14:45:11,506][org.springframework.web.context.support.XmlWebApplicationContext]Refreshing WebApplicationContext for namespace 'springMvc-servlet': startup date [Tue Apr 10 14:45:11 CST 2018]; parent: Root WebApplicationContext
[INFO][2018-04-10 14:45:11,508][org.springframework.beans.factory.xml.XmlBeanDefinitionReader]Loading XML bean definitions from class path resource [spring/spring-mvc.xml]
[INFO][2018-04-10 14:45:12,177][org.springframework.web.servlet.mvc.annotation.DefaultAnnotationHandlerMapping]Mapped URL path [/api/sms/send] onto handler 'smsManageController'
[INFO][2018-04-10 14:45:12,178][org.springframework.web.servlet.mvc.annotation.DefaultAnnotationHandlerMapping]Mapped URL path [/api/sms/send.*] onto handler 'smsManageController'
[INFO][2018-04-10 14:45:12,179][org.springframework.web.servlet.mvc.annotation.DefaultAnnotationHandlerMapping]Mapped URL path [/api/sms/send/] onto handler 'smsManageController'
[INFO][2018-04-10 14:45:12,180][org.springframework.web.servlet.mvc.annotation.DefaultAnnotationHandlerMapping]Mapped URL path [/upon] onto handler 'smsReceiveController'
[INFO][2018-04-10 14:45:12,181][org.springframework.web.servlet.mvc.annotation.DefaultAnnotationHandlerMapping]Mapped URL path [/upon.*] onto handler 'smsReceiveController'
[INFO][2018-04-10 14:45:12,182][org.springframework.web.servlet.mvc.annotation.DefaultAnnotationHandlerMapping]Mapped URL path [/upon/] onto handler 'smsReceiveController'
[INFO][2018-04-10 14:45:12,183][org.springframework.web.servlet.mvc.annotation.DefaultAnnotationHandlerMapping]Mapped URL path [/report] onto handler 'smsReceiveController'
[INFO][2018-04-10 14:45:12,183][org.springframework.web.servlet.mvc.annotation.DefaultAnnotationHandlerMapping]Mapped URL path [/report.*] onto handler 'smsReceiveController'
[INFO][2018-04-10 14:45:12,184][org.springframework.web.servlet.mvc.annotation.DefaultAnnotationHandlerMapping]Mapped URL path [/report/] onto handler 'smsReceiveController'
[INFO][2018-04-10 14:45:12,262][org.springframework.web.servlet.DispatcherServlet]FrameworkServlet 'springMvc': initialization completed in 761 ms
[INFO][2018-04-10 14:48:46,603][com.hl95.common.controller.SmsReceiveController]上行参数={dest_code=12345, send_time=2017-01-01 00:00:00	, sign_name=【鸿联九五】, phone_number=13900000001, content=这是一条上行短信}
[INFO][2018-04-10 17:30:13,963][org.springframework.web.servlet.DispatcherServlet]FrameworkServlet 'springMvc': initialization started
[INFO][2018-04-10 17:30:13,973][org.springframework.web.context.support.XmlWebApplicationContext]Refreshing WebApplicationContext for namespace 'springMvc-servlet': startup date [Tue Apr 10 17:30:13 CST 2018]; parent: Root WebApplicationContext
[INFO][2018-04-10 17:30:13,974][org.springframework.beans.factory.xml.XmlBeanDefinitionReader]Loading XML bean definitions from class path resource [spring/spring-mvc.xml]
[INFO][2018-04-10 17:30:14,667][org.springframework.web.servlet.mvc.annotation.DefaultAnnotationHandlerMapping]Mapped URL path [/api/sms/send] onto handler 'smsManageController'
[INFO][2018-04-10 17:30:14,668][org.springframework.web.servlet.mvc.annotation.DefaultAnnotationHandlerMapping]Mapped URL path [/api/sms/send.*] onto handler 'smsManageController'
[INFO][2018-04-10 17:30:14,669][org.springframework.web.servlet.mvc.annotation.DefaultAnnotationHandlerMapping]Mapped URL path [/api/sms/send/] onto handler 'smsManageController'
[INFO][2018-04-10 17:30:14,672][org.springframework.web.servlet.mvc.annotation.DefaultAnnotationHandlerMapping]Mapped URL path [/upon] onto handler 'smsReceiveController'
[INFO][2018-04-10 17:30:14,672][org.springframework.web.servlet.mvc.annotation.DefaultAnnotationHandlerMapping]Mapped URL path [/upon.*] onto handler 'smsReceiveController'
[INFO][2018-04-10 17:30:14,673][org.springframework.web.servlet.mvc.annotation.DefaultAnnotationHandlerMapping]Mapped URL path [/upon/] onto handler 'smsReceiveController'
[INFO][2018-04-10 17:30:14,673][org.springframework.web.servlet.mvc.annotation.DefaultAnnotationHandlerMapping]Mapped URL path [/report] onto handler 'smsReceiveController'
[INFO][2018-04-10 17:30:14,674][org.springframework.web.servlet.mvc.annotation.DefaultAnnotationHandlerMapping]Mapped URL path [/report.*] onto handler 'smsReceiveController'
[INFO][2018-04-10 17:30:14,674][org.springframework.web.servlet.mvc.annotation.DefaultAnnotationHandlerMapping]Mapped URL path [/report/] onto handler 'smsReceiveController'
[INFO][2018-04-10 17:30:14,748][org.springframework.web.servlet.DispatcherServlet]FrameworkServlet 'springMvc': initialization completed in 784 ms
[INFO][2018-04-10 17:31:12,569][com.hl95.common.controller.SmsReceiveController]这是{Account=online, Password=a83489e99deb86a883e7be8cd33ed417}
[INFO][2018-04-10 17:32:06,085][org.springframework.web.servlet.DispatcherServlet]FrameworkServlet 'springMvc': initialization started
[INFO][2018-04-10 17:32:06,089][org.springframework.web.context.support.XmlWebApplicationContext]Refreshing WebApplicationContext for namespace 'springMvc-servlet': startup date [Tue Apr 10 17:32:06 CST 2018]; parent: Root WebApplicationContext
[INFO][2018-04-10 17:32:06,091][org.springframework.beans.factory.xml.XmlBeanDefinitionReader]Loading XML bean definitions from class path resource [spring/spring-mvc.xml]
[INFO][2018-04-10 17:32:06,742][org.springframework.web.servlet.mvc.annotation.DefaultAnnotationHandlerMapping]Mapped URL path [/api/sms/send] onto handler 'smsManageController'
[INFO][2018-04-10 17:32:06,743][org.springframework.web.servlet.mvc.annotation.DefaultAnnotationHandlerMapping]Mapped URL path [/api/sms/send.*] onto handler 'smsManageController'
[INFO][2018-04-10 17:32:06,744][org.springframework.web.servlet.mvc.annotation.DefaultAnnotationHandlerMapping]Mapped URL path [/api/sms/send/] onto handler 'smsManageController'
[INFO][2018-04-10 17:32:06,745][org.springframework.web.servlet.mvc.annotation.DefaultAnnotationHandlerMapping]Mapped URL path [/report] onto handler 'smsReceiveController'
[INFO][2018-04-10 17:32:06,745][org.springframework.web.servlet.mvc.annotation.DefaultAnnotationHandlerMapping]Mapped URL path [/report.*] onto handler 'smsReceiveController'
[INFO][2018-04-10 17:32:06,746][org.springframework.web.servlet.mvc.annotation.DefaultAnnotationHandlerMapping]Mapped URL path [/report/] onto handler 'smsReceiveController'
[INFO][2018-04-10 17:32:06,747][org.springframework.web.servlet.mvc.annotation.DefaultAnnotationHandlerMapping]Mapped URL path [/upon] onto handler 'smsReceiveController'
[INFO][2018-04-10 17:32:06,748][org.springframework.web.servlet.mvc.annotation.DefaultAnnotationHandlerMapping]Mapped URL path [/upon.*] onto handler 'smsReceiveController'
[INFO][2018-04-10 17:32:06,749][org.springframework.web.servlet.mvc.annotation.DefaultAnnotationHandlerMapping]Mapped URL path [/upon/] onto handler 'smsReceiveController'
[INFO][2018-04-10 17:32:06,827][org.springframework.web.servlet.DispatcherServlet]FrameworkServlet 'springMvc': initialization completed in 741 ms
[INFO][2018-04-10 17:32:34,545][com.hl95.common.controller.SmsReceiveController]上行参数={}
[INFO][2018-04-10 17:49:36,684][org.springframework.web.servlet.DispatcherServlet]FrameworkServlet 'springMvc': initialization started
[INFO][2018-04-10 17:49:36,700][org.springframework.web.context.support.XmlWebApplicationContext]Refreshing WebApplicationContext for namespace 'springMvc-servlet': startup date [Tue Apr 10 17:49:36 CST 2018]; parent: Root WebApplicationContext
[INFO][2018-04-10 17:49:36,704][org.springframework.beans.factory.xml.XmlBeanDefinitionReader]Loading XML bean definitions from class path resource [spring/spring-mvc.xml]
[INFO][2018-04-10 17:49:37,569][org.springframework.web.servlet.mvc.annotation.DefaultAnnotationHandlerMapping]Mapped URL path [/api/sms/send] onto handler 'smsManageController'
[INFO][2018-04-10 17:49:37,570][org.springframework.web.servlet.mvc.annotation.DefaultAnnotationHandlerMapping]Mapped URL path [/api/sms/send.*] onto handler 'smsManageController'
[INFO][2018-04-10 17:49:37,571][org.springframework.web.servlet.mvc.annotation.DefaultAnnotationHandlerMapping]Mapped URL path [/api/sms/send/] onto handler 'smsManageController'
[INFO][2018-04-10 17:49:37,572][org.springframework.web.servlet.mvc.annotation.DefaultAnnotationHandlerMapping]Mapped URL path [/upon] onto handler 'smsReceiveController'
[INFO][2018-04-10 17:49:37,573][org.springframework.web.servlet.mvc.annotation.DefaultAnnotationHandlerMapping]Mapped URL path [/upon.*] onto handler 'smsReceiveController'
[INFO][2018-04-10 17:49:37,573][org.springframework.web.servlet.mvc.annotation.DefaultAnnotationHandlerMapping]Mapped URL path [/upon/] onto handler 'smsReceiveController'
[INFO][2018-04-10 17:49:37,574][org.springframework.web.servlet.mvc.annotation.DefaultAnnotationHandlerMapping]Mapped URL path [/report] onto handler 'smsReceiveController'
[INFO][2018-04-10 17:49:37,574][org.springframework.web.servlet.mvc.annotation.DefaultAnnotationHandlerMapping]Mapped URL path [/report.*] onto handler 'smsReceiveController'
[INFO][2018-04-10 17:49:37,575][org.springframework.web.servlet.mvc.annotation.DefaultAnnotationHandlerMapping]Mapped URL path [/report/] onto handler 'smsReceiveController'
[INFO][2018-04-10 17:49:37,634][org.springframework.web.servlet.DispatcherServlet]FrameworkServlet 'springMvc': initialization completed in 943 ms
[INFO][2018-04-10 17:49:52,675][com.hl95.common.controller.SmsReceiveController]这是{Account=online, Password=a83489e99deb86a883e7be8cd33ed417}
