[INFO][2018-04-12 09:11:19,896][org.springframework.web.servlet.DispatcherServlet]FrameworkServlet 'springMvc': initialization started
[INFO][2018-04-12 09:11:19,905][org.springframework.web.context.support.XmlWebApplicationContext]Refreshing WebApplicationContext for namespace 'springMvc-servlet': startup date [Thu Apr 12 09:11:19 CST 2018]; parent: Root WebApplicationContext
[INFO][2018-04-12 09:11:19,906][org.springframework.beans.factory.xml.XmlBeanDefinitionReader]Loading XML bean definitions from class path resource [spring/spring-mvc.xml]
[INFO][2018-04-12 09:11:20,797][com.hl95.sms.service.impl.StatusReportServiceImpl]从数据库中获取下行数据数量=0
[INFO][2018-04-12 09:11:20,798][com.hl95.sms.controller.StatusReportTask]执行状态读取开始
[INFO][2018-04-12 09:11:20,799][com.hl95.sms.controller.StatusReportTask]现存于队列中的数据量0
[ERROR][2018-04-12 09:11:20,800][com.hl95.sms.controller.StatusReportTask]=====本次队列输出开始======
[ERROR][2018-04-12 09:11:20,802][com.hl95.sms.controller.StatusReportTask]=====本次队列输出结束======
[INFO][2018-04-12 09:11:20,816][org.springframework.web.servlet.mvc.annotation.DefaultAnnotationHandlerMapping]Mapped URL path [/api/sms/send] onto handler 'smsManageController'
[INFO][2018-04-12 09:11:20,817][org.springframework.web.servlet.mvc.annotation.DefaultAnnotationHandlerMapping]Mapped URL path [/api/sms/send.*] onto handler 'smsManageController'
[INFO][2018-04-12 09:11:20,818][org.springframework.web.servlet.mvc.annotation.DefaultAnnotationHandlerMapping]Mapped URL path [/api/sms/send/] onto handler 'smsManageController'
[INFO][2018-04-12 09:11:20,819][org.springframework.web.servlet.mvc.annotation.DefaultAnnotationHandlerMapping]Mapped URL path [/upon] onto handler 'smsReceiveController'
[INFO][2018-04-12 09:11:20,820][org.springframework.web.servlet.mvc.annotation.DefaultAnnotationHandlerMapping]Mapped URL path [/upon.*] onto handler 'smsReceiveController'
[INFO][2018-04-12 09:11:20,821][org.springframework.web.servlet.mvc.annotation.DefaultAnnotationHandlerMapping]Mapped URL path [/upon/] onto handler 'smsReceiveController'
[INFO][2018-04-12 09:11:20,821][org.springframework.web.servlet.mvc.annotation.DefaultAnnotationHandlerMapping]Mapped URL path [/report] onto handler 'smsReceiveController'
[INFO][2018-04-12 09:11:20,822][org.springframework.web.servlet.mvc.annotation.DefaultAnnotationHandlerMapping]Mapped URL path [/report.*] onto handler 'smsReceiveController'
[INFO][2018-04-12 09:11:20,823][org.springframework.web.servlet.mvc.annotation.DefaultAnnotationHandlerMapping]Mapped URL path [/report/] onto handler 'smsReceiveController'
[INFO][2018-04-12 09:11:20,963][org.springframework.web.servlet.DispatcherServlet]FrameworkServlet 'springMvc': initialization completed in 1064 ms
[INFO][2018-04-12 09:11:22,618][com.hl95.sms.controller.StatusReportTask]获取下行数据
[INFO][2018-04-12 09:11:22,691][com.hl95.sms.service.impl.StatusReportServiceImpl]从数据库中获取下行数据数量=0
[INFO][2018-04-12 09:11:22,692][com.hl95.sms.controller.StatusReportTask]执行状态读取开始
[INFO][2018-04-12 09:11:22,692][com.hl95.sms.controller.StatusReportTask]现存于队列中的数据量0
[INFO][2018-04-12 09:11:25,622][com.hl95.sms.controller.StatusReportTask]获取下行数据
[INFO][2018-04-12 09:11:25,718][com.hl95.sms.service.impl.StatusReportServiceImpl]从数据库中获取下行数据数量=0
[INFO][2018-04-12 09:11:25,719][com.hl95.sms.controller.StatusReportTask]执行状态读取开始
[INFO][2018-04-12 09:11:25,719][com.hl95.sms.controller.StatusReportTask]现存于队列中的数据量0
[INFO][2018-04-12 09:11:28,618][com.hl95.sms.controller.StatusReportTask]获取下行数据
[INFO][2018-04-12 09:11:28,687][com.hl95.sms.service.impl.StatusReportServiceImpl]从数据库中获取下行数据数量=0
[INFO][2018-04-12 09:11:28,688][com.hl95.sms.controller.StatusReportTask]执行状态读取开始
[INFO][2018-04-12 09:11:28,688][com.hl95.sms.controller.StatusReportTask]现存于队列中的数据量0
[INFO][2018-04-12 09:11:31,619][com.hl95.sms.controller.StatusReportTask]获取下行数据
[INFO][2018-04-12 09:11:31,691][com.hl95.sms.service.impl.StatusReportServiceImpl]从数据库中获取下行数据数量=0
[INFO][2018-04-12 09:11:31,691][com.hl95.sms.controller.StatusReportTask]执行状态读取开始
[INFO][2018-04-12 09:11:31,692][com.hl95.sms.controller.StatusReportTask]现存于队列中的数据量0
[INFO][2018-04-12 09:11:34,618][com.hl95.sms.controller.StatusReportTask]获取下行数据
[INFO][2018-04-12 09:11:34,689][com.hl95.sms.service.impl.StatusReportServiceImpl]从数据库中获取下行数据数量=0
[INFO][2018-04-12 09:11:34,690][com.hl95.sms.controller.StatusReportTask]执行状态读取开始
[INFO][2018-04-12 09:11:34,691][com.hl95.sms.controller.StatusReportTask]现存于队列中的数据量0
[INFO][2018-04-12 09:11:37,618][com.hl95.sms.controller.StatusReportTask]获取下行数据
[INFO][2018-04-12 09:11:37,690][com.hl95.sms.service.impl.StatusReportServiceImpl]从数据库中获取下行数据数量=0
[INFO][2018-04-12 09:11:37,691][com.hl95.sms.controller.StatusReportTask]执行状态读取开始
[INFO][2018-04-12 09:11:37,692][com.hl95.sms.controller.StatusReportTask]现存于队列中的数据量0
[INFO][2018-04-12 09:11:40,618][com.hl95.sms.controller.StatusReportTask]获取下行数据
[INFO][2018-04-12 09:11:40,719][com.hl95.sms.service.impl.StatusReportServiceImpl]从数据库中获取下行数据数量=0
[INFO][2018-04-12 09:11:40,720][com.hl95.sms.controller.StatusReportTask]执行状态读取开始
[INFO][2018-04-12 09:11:40,721][com.hl95.sms.controller.StatusReportTask]现存于队列中的数据量0
[INFO][2018-04-12 09:11:43,618][com.hl95.sms.controller.StatusReportTask]获取下行数据
[INFO][2018-04-12 09:11:43,689][com.hl95.sms.service.impl.StatusReportServiceImpl]从数据库中获取下行数据数量=0
[INFO][2018-04-12 09:11:43,690][com.hl95.sms.controller.StatusReportTask]执行状态读取开始
[INFO][2018-04-12 09:11:43,690][com.hl95.sms.controller.StatusReportTask]现存于队列中的数据量0
[INFO][2018-04-12 09:11:46,618][com.hl95.sms.controller.StatusReportTask]获取下行数据
[INFO][2018-04-12 09:11:46,728][com.hl95.sms.service.impl.StatusReportServiceImpl]从数据库中获取下行数据数量=0
[INFO][2018-04-12 09:11:46,728][com.hl95.sms.controller.StatusReportTask]执行状态读取开始
[INFO][2018-04-12 09:11:46,729][com.hl95.sms.controller.StatusReportTask]现存于队列中的数据量0
[INFO][2018-04-12 09:11:49,618][com.hl95.sms.controller.StatusReportTask]获取下行数据
[INFO][2018-04-12 09:11:49,688][com.hl95.sms.service.impl.StatusReportServiceImpl]从数据库中获取下行数据数量=0
[INFO][2018-04-12 09:11:49,688][com.hl95.sms.controller.StatusReportTask]执行状态读取开始
[INFO][2018-04-12 09:11:49,688][com.hl95.sms.controller.StatusReportTask]现存于队列中的数据量0
[INFO][2018-04-12 09:11:52,619][com.hl95.sms.controller.StatusReportTask]获取下行数据
[INFO][2018-04-12 09:11:52,690][com.hl95.sms.service.impl.StatusReportServiceImpl]从数据库中获取下行数据数量=0
[INFO][2018-04-12 09:11:52,690][com.hl95.sms.controller.StatusReportTask]执行状态读取开始
[INFO][2018-04-12 09:11:52,691][com.hl95.sms.controller.StatusReportTask]现存于队列中的数据量0
[INFO][2018-04-12 09:11:55,619][com.hl95.sms.controller.StatusReportTask]获取下行数据
[INFO][2018-04-12 09:11:55,690][com.hl95.sms.service.impl.StatusReportServiceImpl]从数据库中获取下行数据数量=0
[INFO][2018-04-12 09:11:55,691][com.hl95.sms.controller.StatusReportTask]执行状态读取开始
[INFO][2018-04-12 09:11:55,733][com.hl95.sms.controller.StatusReportTask]现存于队列中的数据量0
[INFO][2018-04-12 09:11:58,619][com.hl95.sms.controller.StatusReportTask]获取下行数据
[INFO][2018-04-12 09:11:58,691][com.hl95.sms.service.impl.StatusReportServiceImpl]从数据库中获取下行数据数量=0
[INFO][2018-04-12 09:11:58,692][com.hl95.sms.controller.StatusReportTask]执行状态读取开始
[INFO][2018-04-12 09:11:58,693][com.hl95.sms.controller.StatusReportTask]现存于队列中的数据量0
[INFO][2018-04-12 09:12:01,618][com.hl95.sms.controller.StatusReportTask]获取下行数据
[INFO][2018-04-12 09:12:01,685][com.hl95.sms.service.impl.StatusReportServiceImpl]从数据库中获取下行数据数量=0
[INFO][2018-04-12 09:12:01,686][com.hl95.sms.controller.StatusReportTask]执行状态读取开始
[INFO][2018-04-12 09:12:01,686][com.hl95.sms.controller.StatusReportTask]现存于队列中的数据量0
[INFO][2018-04-12 09:12:04,618][com.hl95.sms.controller.StatusReportTask]获取下行数据
[INFO][2018-04-12 09:12:04,709][com.hl95.sms.service.impl.StatusReportServiceImpl]从数据库中获取下行数据数量=0
[INFO][2018-04-12 09:12:04,710][com.hl95.sms.controller.StatusReportTask]执行状态读取开始
[INFO][2018-04-12 09:12:04,710][com.hl95.sms.controller.StatusReportTask]现存于队列中的数据量0
[INFO][2018-04-12 09:12:07,618][com.hl95.sms.controller.StatusReportTask]获取下行数据
[INFO][2018-04-12 09:12:07,689][com.hl95.sms.service.impl.StatusReportServiceImpl]从数据库中获取下行数据数量=0
[INFO][2018-04-12 09:12:07,690][com.hl95.sms.controller.StatusReportTask]执行状态读取开始
[INFO][2018-04-12 09:12:07,690][com.hl95.sms.controller.StatusReportTask]现存于队列中的数据量0
[INFO][2018-04-12 09:12:10,619][com.hl95.sms.controller.StatusReportTask]获取下行数据
[INFO][2018-04-12 09:12:10,691][com.hl95.sms.service.impl.StatusReportServiceImpl]从数据库中获取下行数据数量=0
[INFO][2018-04-12 09:12:10,691][com.hl95.sms.controller.StatusReportTask]执行状态读取开始
[INFO][2018-04-12 09:12:10,692][com.hl95.sms.controller.StatusReportTask]现存于队列中的数据量0
[INFO][2018-04-12 09:12:13,619][com.hl95.sms.controller.StatusReportTask]获取下行数据
[INFO][2018-04-12 09:12:13,690][com.hl95.sms.service.impl.StatusReportServiceImpl]从数据库中获取下行数据数量=0
[INFO][2018-04-12 09:12:13,691][com.hl95.sms.controller.StatusReportTask]执行状态读取开始
[INFO][2018-04-12 09:12:13,691][com.hl95.sms.controller.StatusReportTask]现存于队列中的数据量0
[INFO][2018-04-12 09:12:16,618][com.hl95.sms.controller.StatusReportTask]获取下行数据
[INFO][2018-04-12 09:12:16,688][com.hl95.sms.service.impl.StatusReportServiceImpl]从数据库中获取下行数据数量=0
[INFO][2018-04-12 09:12:16,689][com.hl95.sms.controller.StatusReportTask]执行状态读取开始
[INFO][2018-04-12 09:12:16,690][com.hl95.sms.controller.StatusReportTask]现存于队列中的数据量0
[INFO][2018-04-12 09:12:18,708][com.hl95.common.service.impl.SmsManageServiceImpl]请求参数={password=670b14728ad9902aecba32e22fa4f6bd, linkid=123456778900, phone=13716072540, remoteHost=127.0.0.1, subcode=, username=hltest, tplcode=DIGITAL_SMS_127955072}
[INFO][2018-04-12 09:12:19,620][com.hl95.sms.controller.StatusReportTask]获取下行数据
[INFO][2018-04-12 09:12:19,689][com.hl95.sms.service.impl.StatusReportServiceImpl]从数据库中获取下行数据数量=1
[INFO][2018-04-12 09:12:19,879][com.hl95.sms.controller.StatusReportTask]执行状态读取开始
[INFO][2018-04-12 09:12:19,879][com.hl95.sms.controller.StatusReportTask]现存于队列中的数据量1
[INFO][2018-04-12 09:12:22,618][com.hl95.sms.controller.StatusReportTask]获取下行数据
[INFO][2018-04-12 09:12:22,692][com.hl95.sms.service.impl.StatusReportServiceImpl]从数据库中获取下行数据数量=0
[INFO][2018-04-12 09:12:22,692][com.hl95.sms.controller.StatusReportTask]执行状态读取开始
[INFO][2018-04-12 09:12:22,693][com.hl95.sms.controller.StatusReportTask]现存于队列中的数据量1
[INFO][2018-04-12 09:12:25,618][com.hl95.sms.controller.StatusReportTask]获取下行数据
[INFO][2018-04-12 09:12:25,689][com.hl95.sms.service.impl.StatusReportServiceImpl]从数据库中获取下行数据数量=0
[INFO][2018-04-12 09:12:25,690][com.hl95.sms.controller.StatusReportTask]执行状态读取开始
[INFO][2018-04-12 09:12:25,690][com.hl95.sms.controller.StatusReportTask]现存于队列中的数据量1
[INFO][2018-04-12 09:12:28,618][com.hl95.sms.controller.StatusReportTask]获取下行数据
[INFO][2018-04-12 09:12:28,689][com.hl95.sms.service.impl.StatusReportServiceImpl]从数据库中获取下行数据数量=0
[INFO][2018-04-12 09:12:28,690][com.hl95.sms.controller.StatusReportTask]执行状态读取开始
[INFO][2018-04-12 09:12:28,690][com.hl95.sms.controller.StatusReportTask]现存于队列中的数据量1
[INFO][2018-04-12 09:12:31,619][com.hl95.sms.controller.StatusReportTask]获取下行数据
[INFO][2018-04-12 09:12:31,690][com.hl95.sms.service.impl.StatusReportServiceImpl]从数据库中获取下行数据数量=0
[INFO][2018-04-12 09:12:31,691][com.hl95.sms.controller.StatusReportTask]执行状态读取开始
[INFO][2018-04-12 09:12:31,692][com.hl95.sms.controller.StatusReportTask]现存于队列中的数据量1
[INFO][2018-04-12 09:12:34,619][com.hl95.sms.controller.StatusReportTask]获取下行数据
[INFO][2018-04-12 09:12:34,691][com.hl95.sms.service.impl.StatusReportServiceImpl]从数据库中获取下行数据数量=0
[INFO][2018-04-12 09:12:34,691][com.hl95.sms.controller.StatusReportTask]执行状态读取开始
[INFO][2018-04-12 09:12:34,692][com.hl95.sms.controller.StatusReportTask]现存于队列中的数据量1
[INFO][2018-04-12 09:12:37,619][com.hl95.sms.controller.StatusReportTask]获取下行数据
[INFO][2018-04-12 09:12:37,689][com.hl95.sms.service.impl.StatusReportServiceImpl]从数据库中获取下行数据数量=0
[INFO][2018-04-12 09:12:37,690][com.hl95.sms.controller.StatusReportTask]执行状态读取开始
[INFO][2018-04-12 09:12:37,690][com.hl95.sms.controller.StatusReportTask]现存于队列中的数据量1
[INFO][2018-04-12 09:12:40,618][com.hl95.sms.controller.StatusReportTask]获取下行数据
[INFO][2018-04-12 09:12:40,719][com.hl95.sms.service.impl.StatusReportServiceImpl]从数据库中获取下行数据数量=0
[INFO][2018-04-12 09:12:40,720][com.hl95.sms.controller.StatusReportTask]执行状态读取开始
[INFO][2018-04-12 09:12:40,721][com.hl95.sms.controller.StatusReportTask]现存于队列中的数据量1
[INFO][2018-04-12 09:12:43,618][com.hl95.sms.controller.StatusReportTask]获取下行数据
[INFO][2018-04-12 09:12:43,713][com.hl95.sms.service.impl.StatusReportServiceImpl]从数据库中获取下行数据数量=0
[INFO][2018-04-12 09:12:43,714][com.hl95.sms.controller.StatusReportTask]执行状态读取开始
[INFO][2018-04-12 09:12:43,714][com.hl95.sms.controller.StatusReportTask]现存于队列中的数据量1
[INFO][2018-04-12 09:12:46,619][com.hl95.sms.controller.StatusReportTask]获取下行数据
[INFO][2018-04-12 09:12:46,689][com.hl95.sms.service.impl.StatusReportServiceImpl]从数据库中获取下行数据数量=0
[INFO][2018-04-12 09:12:46,690][com.hl95.sms.controller.StatusReportTask]执行状态读取开始
[INFO][2018-04-12 09:12:46,690][com.hl95.sms.controller.StatusReportTask]现存于队列中的数据量1
[INFO][2018-04-12 09:12:49,618][com.hl95.sms.controller.StatusReportTask]获取下行数据
[INFO][2018-04-12 09:12:49,686][com.hl95.sms.service.impl.StatusReportServiceImpl]从数据库中获取下行数据数量=0
[INFO][2018-04-12 09:12:49,686][com.hl95.sms.controller.StatusReportTask]执行状态读取开始
[INFO][2018-04-12 09:12:49,686][com.hl95.sms.controller.StatusReportTask]现存于队列中的数据量1
[INFO][2018-04-12 09:12:52,619][com.hl95.sms.controller.StatusReportTask]获取下行数据
[INFO][2018-04-12 09:12:52,687][com.hl95.sms.service.impl.StatusReportServiceImpl]从数据库中获取下行数据数量=0
[INFO][2018-04-12 09:12:52,687][com.hl95.sms.controller.StatusReportTask]执行状态读取开始
[INFO][2018-04-12 09:12:52,687][com.hl95.sms.controller.StatusReportTask]现存于队列中的数据量1
[INFO][2018-04-12 09:12:55,619][com.hl95.sms.controller.StatusReportTask]获取下行数据
[INFO][2018-04-12 09:12:55,686][com.hl95.sms.service.impl.StatusReportServiceImpl]从数据库中获取下行数据数量=0
[INFO][2018-04-12 09:12:55,687][com.hl95.sms.controller.StatusReportTask]执行状态读取开始
[INFO][2018-04-12 09:12:55,687][com.hl95.sms.controller.StatusReportTask]现存于队列中的数据量1
[INFO][2018-04-12 09:12:58,619][com.hl95.sms.controller.StatusReportTask]获取下行数据
[INFO][2018-04-12 09:12:58,725][com.hl95.sms.service.impl.StatusReportServiceImpl]从数据库中获取下行数据数量=0
[INFO][2018-04-12 09:12:58,726][com.hl95.sms.controller.StatusReportTask]执行状态读取开始
[INFO][2018-04-12 09:12:58,726][com.hl95.sms.controller.StatusReportTask]现存于队列中的数据量1
[INFO][2018-04-12 09:13:01,619][com.hl95.sms.controller.StatusReportTask]获取下行数据
[INFO][2018-04-12 09:13:01,712][com.hl95.sms.service.impl.StatusReportServiceImpl]从数据库中获取下行数据数量=0
[INFO][2018-04-12 09:13:01,712][com.hl95.sms.controller.StatusReportTask]执行状态读取开始
[INFO][2018-04-12 09:13:01,712][com.hl95.sms.controller.StatusReportTask]现存于队列中的数据量1
[INFO][2018-04-12 09:13:04,617][com.hl95.sms.controller.StatusReportTask]获取下行数据
[INFO][2018-04-12 09:13:04,689][com.hl95.sms.service.impl.StatusReportServiceImpl]从数据库中获取下行数据数量=0
[INFO][2018-04-12 09:13:04,689][com.hl95.sms.controller.StatusReportTask]执行状态读取开始
[INFO][2018-04-12 09:13:04,690][com.hl95.sms.controller.StatusReportTask]现存于队列中的数据量1
[INFO][2018-04-12 09:13:07,619][com.hl95.sms.controller.StatusReportTask]获取下行数据
[INFO][2018-04-12 09:13:07,686][com.hl95.sms.service.impl.StatusReportServiceImpl]从数据库中获取下行数据数量=0
[INFO][2018-04-12 09:13:07,687][com.hl95.sms.controller.StatusReportTask]执行状态读取开始
[INFO][2018-04-12 09:13:07,687][com.hl95.sms.controller.StatusReportTask]现存于队列中的数据量1
[INFO][2018-04-12 09:13:10,619][com.hl95.sms.controller.StatusReportTask]获取下行数据
[INFO][2018-04-12 09:13:10,720][com.hl95.sms.service.impl.StatusReportServiceImpl]从数据库中获取下行数据数量=0
[INFO][2018-04-12 09:13:10,721][com.hl95.sms.controller.StatusReportTask]执行状态读取开始
[INFO][2018-04-12 09:13:10,721][com.hl95.sms.controller.StatusReportTask]现存于队列中的数据量1
[INFO][2018-04-12 09:13:13,618][com.hl95.sms.controller.StatusReportTask]获取下行数据
[INFO][2018-04-12 09:13:13,719][com.hl95.sms.service.impl.StatusReportServiceImpl]从数据库中获取下行数据数量=0
[INFO][2018-04-12 09:13:13,720][com.hl95.sms.controller.StatusReportTask]执行状态读取开始
[INFO][2018-04-12 09:13:13,720][com.hl95.sms.controller.StatusReportTask]现存于队列中的数据量1
[INFO][2018-04-12 09:13:15,621][com.hl95.common.service.impl.SmsManageServiceImpl]请求参数={password=670b14728ad9902aecba32e22fa4f6bd, linkid=123456778900, phone=13716072540, remoteHost=127.0.0.1, subcode=, username=hltest, tplcode=DIGITAL_SMS_130990125}
[INFO][2018-04-12 09:13:16,620][com.hl95.sms.controller.StatusReportTask]获取下行数据
[INFO][2018-04-12 09:13:16,697][com.hl95.sms.service.impl.StatusReportServiceImpl]从数据库中获取下行数据数量=1
[INFO][2018-04-12 09:13:16,842][com.hl95.sms.controller.StatusReportTask]执行状态读取开始
[INFO][2018-04-12 09:13:16,842][com.hl95.sms.controller.StatusReportTask]现存于队列中的数据量2
[INFO][2018-04-12 09:13:19,618][com.hl95.sms.controller.StatusReportTask]获取下行数据
[INFO][2018-04-12 09:13:19,688][com.hl95.sms.service.impl.StatusReportServiceImpl]从数据库中获取下行数据数量=0
[INFO][2018-04-12 09:13:19,689][com.hl95.sms.controller.StatusReportTask]执行状态读取开始
[INFO][2018-04-12 09:13:19,689][com.hl95.sms.controller.StatusReportTask]现存于队列中的数据量2
[INFO][2018-04-12 09:13:22,619][com.hl95.sms.controller.StatusReportTask]获取下行数据
[INFO][2018-04-12 09:13:22,689][com.hl95.sms.service.impl.StatusReportServiceImpl]从数据库中获取下行数据数量=0
[INFO][2018-04-12 09:13:22,690][com.hl95.sms.controller.StatusReportTask]执行状态读取开始
[INFO][2018-04-12 09:13:22,690][com.hl95.sms.controller.StatusReportTask]现存于队列中的数据量2
[INFO][2018-04-12 09:13:25,619][com.hl95.sms.controller.StatusReportTask]获取下行数据
[INFO][2018-04-12 09:13:25,691][com.hl95.sms.service.impl.StatusReportServiceImpl]从数据库中获取下行数据数量=0
[INFO][2018-04-12 09:13:25,691][com.hl95.sms.controller.StatusReportTask]执行状态读取开始
[INFO][2018-04-12 09:13:25,692][com.hl95.sms.controller.StatusReportTask]现存于队列中的数据量2
[INFO][2018-04-12 09:13:28,618][com.hl95.sms.controller.StatusReportTask]获取下行数据
[INFO][2018-04-12 09:13:28,689][com.hl95.sms.service.impl.StatusReportServiceImpl]从数据库中获取下行数据数量=0
[INFO][2018-04-12 09:13:28,690][com.hl95.sms.controller.StatusReportTask]执行状态读取开始
[INFO][2018-04-12 09:13:28,691][com.hl95.sms.controller.StatusReportTask]现存于队列中的数据量2
[INFO][2018-04-12 09:13:31,619][com.hl95.sms.controller.StatusReportTask]获取下行数据
[INFO][2018-04-12 09:13:31,695][com.hl95.sms.service.impl.StatusReportServiceImpl]从数据库中获取下行数据数量=0
[INFO][2018-04-12 09:13:31,696][com.hl95.sms.controller.StatusReportTask]执行状态读取开始
[INFO][2018-04-12 09:13:31,696][com.hl95.sms.controller.StatusReportTask]现存于队列中的数据量2
[INFO][2018-04-12 09:13:34,619][com.hl95.sms.controller.StatusReportTask]获取下行数据
[INFO][2018-04-12 09:13:34,690][com.hl95.sms.service.impl.StatusReportServiceImpl]从数据库中获取下行数据数量=0
[INFO][2018-04-12 09:13:34,690][com.hl95.sms.controller.StatusReportTask]执行状态读取开始
[INFO][2018-04-12 09:13:34,691][com.hl95.sms.controller.StatusReportTask]现存于队列中的数据量2
[INFO][2018-04-12 09:13:37,618][com.hl95.sms.controller.StatusReportTask]获取下行数据
[INFO][2018-04-12 09:13:37,689][com.hl95.sms.service.impl.StatusReportServiceImpl]从数据库中获取下行数据数量=0
[INFO][2018-04-12 09:13:37,690][com.hl95.sms.controller.StatusReportTask]执行状态读取开始
[INFO][2018-04-12 09:13:37,691][com.hl95.sms.controller.StatusReportTask]现存于队列中的数据量2
[INFO][2018-04-12 09:13:40,619][com.hl95.sms.controller.StatusReportTask]获取下行数据
[INFO][2018-04-12 09:13:40,689][com.hl95.sms.service.impl.StatusReportServiceImpl]从数据库中获取下行数据数量=0
[INFO][2018-04-12 09:13:40,689][com.hl95.sms.controller.StatusReportTask]执行状态读取开始
[INFO][2018-04-12 09:13:40,689][com.hl95.sms.controller.StatusReportTask]现存于队列中的数据量2
