[INFO][2018-05-23 09:53:08,412][org.springframework.web.servlet.DispatcherServlet]FrameworkServlet 'springMvc': initialization started
[INFO][2018-05-23 09:53:08,423][org.springframework.web.context.support.XmlWebApplicationContext]Refreshing WebApplicationContext for namespace 'springMvc-servlet': startup date [Wed May 23 09:53:08 CST 2018]; parent: Root WebApplicationContext
[INFO][2018-05-23 09:53:08,425][org.springframework.beans.factory.xml.XmlBeanDefinitionReader]Loading XML bean definitions from class path resource [spring/spring-mvc.xml]
[INFO][2018-05-23 09:53:09,240][org.springframework.web.servlet.mvc.annotation.DefaultAnnotationHandlerMapping]Mapped URL path [/api/sms/send] onto handler 'smsManageController'
[INFO][2018-05-23 09:53:09,241][org.springframework.web.servlet.mvc.annotation.DefaultAnnotationHandlerMapping]Mapped URL path [/api/sms/send.*] onto handler 'smsManageController'
[INFO][2018-05-23 09:53:09,243][org.springframework.web.servlet.mvc.annotation.DefaultAnnotationHandlerMapping]Mapped URL path [/api/sms/send/] onto handler 'smsManageController'
[INFO][2018-05-23 09:53:09,250][org.springframework.web.servlet.mvc.annotation.DefaultAnnotationHandlerMapping]Mapped URL path [/upon] onto handler 'smsReceiveController'
[INFO][2018-05-23 09:53:09,251][org.springframework.web.servlet.mvc.annotation.DefaultAnnotationHandlerMapping]Mapped URL path [/upon.*] onto handler 'smsReceiveController'
[INFO][2018-05-23 09:53:09,252][org.springframework.web.servlet.mvc.annotation.DefaultAnnotationHandlerMapping]Mapped URL path [/upon/] onto handler 'smsReceiveController'
[INFO][2018-05-23 09:53:09,253][org.springframework.web.servlet.mvc.annotation.DefaultAnnotationHandlerMapping]Mapped URL path [/report] onto handler 'smsReceiveController'
[INFO][2018-05-23 09:53:09,255][org.springframework.web.servlet.mvc.annotation.DefaultAnnotationHandlerMapping]Mapped URL path [/report.*] onto handler 'smsReceiveController'
[INFO][2018-05-23 09:53:09,257][org.springframework.web.servlet.mvc.annotation.DefaultAnnotationHandlerMapping]Mapped URL path [/report/] onto handler 'smsReceiveController'
[INFO][2018-05-23 09:53:09,403][org.springframework.web.servlet.DispatcherServlet]FrameworkServlet 'springMvc': initialization completed in 986 ms
[INFO][2018-05-23 09:53:38,039][org.springframework.web.servlet.DispatcherServlet]FrameworkServlet 'springMvc': initialization started
[INFO][2018-05-23 09:53:38,047][org.springframework.web.context.support.XmlWebApplicationContext]Refreshing WebApplicationContext for namespace 'springMvc-servlet': startup date [Wed May 23 09:53:38 CST 2018]; parent: Root WebApplicationContext
[INFO][2018-05-23 09:53:38,050][org.springframework.beans.factory.xml.XmlBeanDefinitionReader]Loading XML bean definitions from class path resource [spring/spring-mvc.xml]
[INFO][2018-05-23 09:53:38,834][org.springframework.web.servlet.mvc.annotation.DefaultAnnotationHandlerMapping]Mapped URL path [/api/sms/send] onto handler 'smsManageController'
[INFO][2018-05-23 09:53:38,835][org.springframework.web.servlet.mvc.annotation.DefaultAnnotationHandlerMapping]Mapped URL path [/api/sms/send.*] onto handler 'smsManageController'
[INFO][2018-05-23 09:53:38,838][org.springframework.web.servlet.mvc.annotation.DefaultAnnotationHandlerMapping]Mapped URL path [/api/sms/send/] onto handler 'smsManageController'
[INFO][2018-05-23 09:53:38,840][org.springframework.web.servlet.mvc.annotation.DefaultAnnotationHandlerMapping]Mapped URL path [/report] onto handler 'smsReceiveController'
[INFO][2018-05-23 09:53:38,841][org.springframework.web.servlet.mvc.annotation.DefaultAnnotationHandlerMapping]Mapped URL path [/report.*] onto handler 'smsReceiveController'
[INFO][2018-05-23 09:53:38,842][org.springframework.web.servlet.mvc.annotation.DefaultAnnotationHandlerMapping]Mapped URL path [/report/] onto handler 'smsReceiveController'
[INFO][2018-05-23 09:53:38,843][org.springframework.web.servlet.mvc.annotation.DefaultAnnotationHandlerMapping]Mapped URL path [/upon] onto handler 'smsReceiveController'
[INFO][2018-05-23 09:53:38,844][org.springframework.web.servlet.mvc.annotation.DefaultAnnotationHandlerMapping]Mapped URL path [/upon.*] onto handler 'smsReceiveController'
[INFO][2018-05-23 09:53:38,845][org.springframework.web.servlet.mvc.annotation.DefaultAnnotationHandlerMapping]Mapped URL path [/upon/] onto handler 'smsReceiveController'
[INFO][2018-05-23 09:53:38,931][org.springframework.web.servlet.DispatcherServlet]FrameworkServlet 'springMvc': initialization completed in 891 ms
[INFO][2018-05-23 13:43:08,732][org.springframework.web.servlet.DispatcherServlet]FrameworkServlet 'springMvc': initialization started
[INFO][2018-05-23 13:43:08,741][org.springframework.web.context.support.XmlWebApplicationContext]Refreshing WebApplicationContext for namespace 'springMvc-servlet': startup date [Wed May 23 13:43:08 CST 2018]; parent: Root WebApplicationContext
[INFO][2018-05-23 13:43:08,742][org.springframework.beans.factory.xml.XmlBeanDefinitionReader]Loading XML bean definitions from class path resource [spring/spring-mvc.xml]
[INFO][2018-05-23 13:43:09,591][org.springframework.web.servlet.mvc.annotation.DefaultAnnotationHandlerMapping]Mapped URL path [/api/sms/send] onto handler 'smsManageController'
[INFO][2018-05-23 13:43:09,592][org.springframework.web.servlet.mvc.annotation.DefaultAnnotationHandlerMapping]Mapped URL path [/api/sms/send.*] onto handler 'smsManageController'
[INFO][2018-05-23 13:43:09,593][org.springframework.web.servlet.mvc.annotation.DefaultAnnotationHandlerMapping]Mapped URL path [/api/sms/send/] onto handler 'smsManageController'
[INFO][2018-05-23 13:43:09,594][org.springframework.web.servlet.mvc.annotation.DefaultAnnotationHandlerMapping]Mapped URL path [/report] onto handler 'smsReceiveController'
[INFO][2018-05-23 13:43:09,595][org.springframework.web.servlet.mvc.annotation.DefaultAnnotationHandlerMapping]Mapped URL path [/report.*] onto handler 'smsReceiveController'
[INFO][2018-05-23 13:43:09,596][org.springframework.web.servlet.mvc.annotation.DefaultAnnotationHandlerMapping]Mapped URL path [/report/] onto handler 'smsReceiveController'
[INFO][2018-05-23 13:43:09,596][org.springframework.web.servlet.mvc.annotation.DefaultAnnotationHandlerMapping]Mapped URL path [/upon] onto handler 'smsReceiveController'
[INFO][2018-05-23 13:43:09,597][org.springframework.web.servlet.mvc.annotation.DefaultAnnotationHandlerMapping]Mapped URL path [/upon.*] onto handler 'smsReceiveController'
[INFO][2018-05-23 13:43:09,598][org.springframework.web.servlet.mvc.annotation.DefaultAnnotationHandlerMapping]Mapped URL path [/upon/] onto handler 'smsReceiveController'
[INFO][2018-05-23 13:43:09,677][org.springframework.web.servlet.DispatcherServlet]FrameworkServlet 'springMvc': initialization completed in 943 ms
[INFO][2018-05-23 13:45:23,631][com.hl95.common.service.impl.SmsManageServiceImpl]请求参数={password=test, linkid=1523503956792552070145, phone=13716072540, remoteHost=127.0.0.1, epid=111, subcode=111, message=这是一条短信测试, username=hltest}
[ERROR][2018-05-23 13:45:50,801][com.hl95.common.service.impl.SmsManageServiceImpl]{password=test, linkid=1523503956792552070145, phone=13716072540, remoteHost=127.0.0.1, epid=111, subcode=111, message=这是一条短信测试, username=hltest}
[INFO][2018-05-23 13:47:22,633][com.hl95.common.service.impl.SmsManageServiceImpl]请求参数={password=test, linkid=1523503956792552070145, phone=13716072540, remoteHost=127.0.0.1, epid=111, subcode=111, message=这是一条短信测试, username=hltest}
[INFO][2018-05-23 13:51:58,698][org.springframework.web.servlet.DispatcherServlet]FrameworkServlet 'springMvc': initialization started
[INFO][2018-05-23 13:51:58,706][org.springframework.web.context.support.XmlWebApplicationContext]Refreshing WebApplicationContext for namespace 'springMvc-servlet': startup date [Wed May 23 13:51:58 CST 2018]; parent: Root WebApplicationContext
[INFO][2018-05-23 13:51:58,709][org.springframework.beans.factory.xml.XmlBeanDefinitionReader]Loading XML bean definitions from class path resource [spring/spring-mvc.xml]
[INFO][2018-05-23 13:51:59,389][org.springframework.web.servlet.mvc.annotation.DefaultAnnotationHandlerMapping]Mapped URL path [/api/sms/send] onto handler 'smsManageController'
[INFO][2018-05-23 13:51:59,390][org.springframework.web.servlet.mvc.annotation.DefaultAnnotationHandlerMapping]Mapped URL path [/api/sms/send.*] onto handler 'smsManageController'
[INFO][2018-05-23 13:51:59,392][org.springframework.web.servlet.mvc.annotation.DefaultAnnotationHandlerMapping]Mapped URL path [/api/sms/send/] onto handler 'smsManageController'
[INFO][2018-05-23 13:51:59,395][org.springframework.web.servlet.mvc.annotation.DefaultAnnotationHandlerMapping]Mapped URL path [/report] onto handler 'smsReceiveController'
[INFO][2018-05-23 13:51:59,397][org.springframework.web.servlet.mvc.annotation.DefaultAnnotationHandlerMapping]Mapped URL path [/report.*] onto handler 'smsReceiveController'
[INFO][2018-05-23 13:51:59,398][org.springframework.web.servlet.mvc.annotation.DefaultAnnotationHandlerMapping]Mapped URL path [/report/] onto handler 'smsReceiveController'
[INFO][2018-05-23 13:51:59,398][org.springframework.web.servlet.mvc.annotation.DefaultAnnotationHandlerMapping]Mapped URL path [/upon] onto handler 'smsReceiveController'
[INFO][2018-05-23 13:51:59,399][org.springframework.web.servlet.mvc.annotation.DefaultAnnotationHandlerMapping]Mapped URL path [/upon.*] onto handler 'smsReceiveController'
[INFO][2018-05-23 13:51:59,399][org.springframework.web.servlet.mvc.annotation.DefaultAnnotationHandlerMapping]Mapped URL path [/upon/] onto handler 'smsReceiveController'
[INFO][2018-05-23 13:51:59,488][org.springframework.web.servlet.DispatcherServlet]FrameworkServlet 'springMvc': initialization completed in 788 ms
[INFO][2018-05-23 13:52:27,601][com.hl95.common.service.impl.SmsManageServiceImpl]请求参数={password=test, linkid=1523503956792552070145, phone=13716072540, remoteHost=127.0.0.1, epid=111, subcode=111, message=这是一条短信测试, username=hltest}
[INFO][2018-05-23 15:12:44,769][org.springframework.web.servlet.DispatcherServlet]FrameworkServlet 'springMvc': initialization started
[INFO][2018-05-23 15:12:44,778][org.springframework.web.context.support.XmlWebApplicationContext]Refreshing WebApplicationContext for namespace 'springMvc-servlet': startup date [Wed May 23 15:12:44 CST 2018]; parent: Root WebApplicationContext
[INFO][2018-05-23 15:12:44,780][org.springframework.beans.factory.xml.XmlBeanDefinitionReader]Loading XML bean definitions from class path resource [spring/spring-mvc.xml]
[INFO][2018-05-23 15:12:45,416][org.springframework.web.servlet.mvc.annotation.DefaultAnnotationHandlerMapping]Mapped URL path [/api/sms/send] onto handler 'smsManageController'
[INFO][2018-05-23 15:12:45,417][org.springframework.web.servlet.mvc.annotation.DefaultAnnotationHandlerMapping]Mapped URL path [/api/sms/send.*] onto handler 'smsManageController'
[INFO][2018-05-23 15:12:45,418][org.springframework.web.servlet.mvc.annotation.DefaultAnnotationHandlerMapping]Mapped URL path [/api/sms/send/] onto handler 'smsManageController'
[INFO][2018-05-23 15:12:45,420][org.springframework.web.servlet.mvc.annotation.DefaultAnnotationHandlerMapping]Mapped URL path [/upon] onto handler 'smsReceiveController'
[INFO][2018-05-23 15:12:45,421][org.springframework.web.servlet.mvc.annotation.DefaultAnnotationHandlerMapping]Mapped URL path [/upon.*] onto handler 'smsReceiveController'
[INFO][2018-05-23 15:12:45,422][org.springframework.web.servlet.mvc.annotation.DefaultAnnotationHandlerMapping]Mapped URL path [/upon/] onto handler 'smsReceiveController'
[INFO][2018-05-23 15:12:45,422][org.springframework.web.servlet.mvc.annotation.DefaultAnnotationHandlerMapping]Mapped URL path [/report] onto handler 'smsReceiveController'
[INFO][2018-05-23 15:12:45,423][org.springframework.web.servlet.mvc.annotation.DefaultAnnotationHandlerMapping]Mapped URL path [/report.*] onto handler 'smsReceiveController'
[INFO][2018-05-23 15:12:45,424][org.springframework.web.servlet.mvc.annotation.DefaultAnnotationHandlerMapping]Mapped URL path [/report/] onto handler 'smsReceiveController'
[INFO][2018-05-23 15:12:45,498][org.springframework.web.servlet.DispatcherServlet]FrameworkServlet 'springMvc': initialization completed in 728 ms
[INFO][2018-05-23 15:13:13,310][com.hl95.common.service.impl.SmsManageServiceImpl]请求参数={password=test, linkid=1523503956792552070145, phone=13716072540, remoteHost=127.0.0.1, epid=111, subcode=111, message=这是一条短信测试, username=hltest}
[INFO][2018-05-23 17:17:59,608][org.springframework.web.servlet.DispatcherServlet]FrameworkServlet 'springMvc': initialization started
[INFO][2018-05-23 17:17:59,615][org.springframework.web.context.support.XmlWebApplicationContext]Refreshing WebApplicationContext for namespace 'springMvc-servlet': startup date [Wed May 23 17:17:59 CST 2018]; parent: Root WebApplicationContext
[INFO][2018-05-23 17:17:59,618][org.springframework.beans.factory.xml.XmlBeanDefinitionReader]Loading XML bean definitions from class path resource [spring/spring-mvc.xml]
[INFO][2018-05-23 17:18:00,248][org.springframework.web.servlet.mvc.annotation.DefaultAnnotationHandlerMapping]Mapped URL path [/api/sms/send] onto handler 'smsManageController'
[INFO][2018-05-23 17:18:00,249][org.springframework.web.servlet.mvc.annotation.DefaultAnnotationHandlerMapping]Mapped URL path [/api/sms/send.*] onto handler 'smsManageController'
[INFO][2018-05-23 17:18:00,250][org.springframework.web.servlet.mvc.annotation.DefaultAnnotationHandlerMapping]Mapped URL path [/api/sms/send/] onto handler 'smsManageController'
[INFO][2018-05-23 17:18:00,251][org.springframework.web.servlet.mvc.annotation.DefaultAnnotationHandlerMapping]Mapped URL path [/report] onto handler 'smsReceiveController'
[INFO][2018-05-23 17:18:00,252][org.springframework.web.servlet.mvc.annotation.DefaultAnnotationHandlerMapping]Mapped URL path [/report.*] onto handler 'smsReceiveController'
[INFO][2018-05-23 17:18:00,252][org.springframework.web.servlet.mvc.annotation.DefaultAnnotationHandlerMapping]Mapped URL path [/report/] onto handler 'smsReceiveController'
[INFO][2018-05-23 17:18:00,253][org.springframework.web.servlet.mvc.annotation.DefaultAnnotationHandlerMapping]Mapped URL path [/upon] onto handler 'smsReceiveController'
[INFO][2018-05-23 17:18:00,253][org.springframework.web.servlet.mvc.annotation.DefaultAnnotationHandlerMapping]Mapped URL path [/upon.*] onto handler 'smsReceiveController'
[INFO][2018-05-23 17:18:00,253][org.springframework.web.servlet.mvc.annotation.DefaultAnnotationHandlerMapping]Mapped URL path [/upon/] onto handler 'smsReceiveController'
[INFO][2018-05-23 17:18:00,329][org.springframework.web.servlet.DispatcherServlet]FrameworkServlet 'springMvc': initialization completed in 720 ms
[INFO][2018-05-23 17:18:56,262][com.hl95.common.service.impl.SmsManageServiceImpl]请求参数={password=pjs123456, linkid=1523503956792552070145, phone=13716072540, remoteHost=127.0.0.1, epid=111, subcode=111, message=这是一条短信测试, username=pjs}
[INFO][2018-05-23 17:19:28,950][com.hl95.common.service.impl.SmsManageServiceImpl]请求参数={password=pjs123456, linkid=1523503956792552070145, phone=13716072540, remoteHost=127.0.0.1, epid=111, subcode=111, message=这是一条短信测试, username=pjs}
[INFO][2018-05-23 17:21:16,829][org.springframework.web.servlet.DispatcherServlet]FrameworkServlet 'springMvc': initialization started
[INFO][2018-05-23 17:21:16,837][org.springframework.web.context.support.XmlWebApplicationContext]Refreshing WebApplicationContext for namespace 'springMvc-servlet': startup date [Wed May 23 17:21:16 CST 2018]; parent: Root WebApplicationContext
[INFO][2018-05-23 17:21:16,838][org.springframework.beans.factory.xml.XmlBeanDefinitionReader]Loading XML bean definitions from class path resource [spring/spring-mvc.xml]
[INFO][2018-05-23 17:21:17,575][org.springframework.web.servlet.mvc.annotation.DefaultAnnotationHandlerMapping]Mapped URL path [/api/sms/send] onto handler 'smsManageController'
[INFO][2018-05-23 17:21:17,576][org.springframework.web.servlet.mvc.annotation.DefaultAnnotationHandlerMapping]Mapped URL path [/api/sms/send.*] onto handler 'smsManageController'
[INFO][2018-05-23 17:21:17,577][org.springframework.web.servlet.mvc.annotation.DefaultAnnotationHandlerMapping]Mapped URL path [/api/sms/send/] onto handler 'smsManageController'
[INFO][2018-05-23 17:21:17,578][org.springframework.web.servlet.mvc.annotation.DefaultAnnotationHandlerMapping]Mapped URL path [/report] onto handler 'smsReceiveController'
[INFO][2018-05-23 17:21:17,579][org.springframework.web.servlet.mvc.annotation.DefaultAnnotationHandlerMapping]Mapped URL path [/report.*] onto handler 'smsReceiveController'
[INFO][2018-05-23 17:21:17,579][org.springframework.web.servlet.mvc.annotation.DefaultAnnotationHandlerMapping]Mapped URL path [/report/] onto handler 'smsReceiveController'
[INFO][2018-05-23 17:21:17,580][org.springframework.web.servlet.mvc.annotation.DefaultAnnotationHandlerMapping]Mapped URL path [/upon] onto handler 'smsReceiveController'
[INFO][2018-05-23 17:21:17,580][org.springframework.web.servlet.mvc.annotation.DefaultAnnotationHandlerMapping]Mapped URL path [/upon.*] onto handler 'smsReceiveController'
[INFO][2018-05-23 17:21:17,581][org.springframework.web.servlet.mvc.annotation.DefaultAnnotationHandlerMapping]Mapped URL path [/upon/] onto handler 'smsReceiveController'
[INFO][2018-05-23 17:21:17,686][org.springframework.web.servlet.DispatcherServlet]FrameworkServlet 'springMvc': initialization completed in 857 ms
[INFO][2018-05-23 17:27:49,033][com.hl95.common.service.impl.SmsManageServiceImpl]请求参数={password=Hyyh6942, linkid=1523503956792552070145, phone=13716072540, remoteHost=127.0.0.1, epid=111, subcode=111, message=这是一条短信测试, username=hyyhgj}
[INFO][2018-05-23 17:28:45,425][org.springframework.web.servlet.DispatcherServlet]FrameworkServlet 'springMvc': initialization started
[INFO][2018-05-23 17:28:45,432][org.springframework.web.context.support.XmlWebApplicationContext]Refreshing WebApplicationContext for namespace 'springMvc-servlet': startup date [Wed May 23 17:28:45 CST 2018]; parent: Root WebApplicationContext
[INFO][2018-05-23 17:28:45,434][org.springframework.beans.factory.xml.XmlBeanDefinitionReader]Loading XML bean definitions from class path resource [spring/spring-mvc.xml]
[INFO][2018-05-23 17:28:46,125][org.springframework.web.servlet.mvc.annotation.DefaultAnnotationHandlerMapping]Mapped URL path [/api/sms/send] onto handler 'smsManageController'
[INFO][2018-05-23 17:28:46,126][org.springframework.web.servlet.mvc.annotation.DefaultAnnotationHandlerMapping]Mapped URL path [/api/sms/send.*] onto handler 'smsManageController'
[INFO][2018-05-23 17:28:46,127][org.springframework.web.servlet.mvc.annotation.DefaultAnnotationHandlerMapping]Mapped URL path [/api/sms/send/] onto handler 'smsManageController'
[INFO][2018-05-23 17:28:46,129][org.springframework.web.servlet.mvc.annotation.DefaultAnnotationHandlerMapping]Mapped URL path [/report] onto handler 'smsReceiveController'
[INFO][2018-05-23 17:28:46,129][org.springframework.web.servlet.mvc.annotation.DefaultAnnotationHandlerMapping]Mapped URL path [/report.*] onto handler 'smsReceiveController'
[INFO][2018-05-23 17:28:46,130][org.springframework.web.servlet.mvc.annotation.DefaultAnnotationHandlerMapping]Mapped URL path [/report/] onto handler 'smsReceiveController'
[INFO][2018-05-23 17:28:46,130][org.springframework.web.servlet.mvc.annotation.DefaultAnnotationHandlerMapping]Mapped URL path [/upon] onto handler 'smsReceiveController'
[INFO][2018-05-23 17:28:46,130][org.springframework.web.servlet.mvc.annotation.DefaultAnnotationHandlerMapping]Mapped URL path [/upon.*] onto handler 'smsReceiveController'
[INFO][2018-05-23 17:28:46,131][org.springframework.web.servlet.mvc.annotation.DefaultAnnotationHandlerMapping]Mapped URL path [/upon/] onto handler 'smsReceiveController'
[INFO][2018-05-23 17:28:46,215][org.springframework.web.servlet.DispatcherServlet]FrameworkServlet 'springMvc': initialization completed in 789 ms
[INFO][2018-05-23 17:32:59,424][com.hl95.common.service.impl.SmsManageServiceImpl]请求参数={password=Hyyh6942, linkid=1523503956792552070145, phone=001783425611, remoteHost=127.0.0.1, epid=111, subcode=111, message=这是一条短信测试, username=hyyhgj}
[INFO][2018-05-23 17:48:40,469][org.springframework.web.servlet.DispatcherServlet]FrameworkServlet 'springMvc': initialization started
[INFO][2018-05-23 17:48:40,475][org.springframework.web.context.support.XmlWebApplicationContext]Refreshing WebApplicationContext for namespace 'springMvc-servlet': startup date [Wed May 23 17:48:40 CST 2018]; parent: Root WebApplicationContext
[INFO][2018-05-23 17:48:40,476][org.springframework.beans.factory.xml.XmlBeanDefinitionReader]Loading XML bean definitions from class path resource [spring/spring-mvc.xml]
[INFO][2018-05-23 17:48:41,288][org.springframework.web.servlet.mvc.annotation.DefaultAnnotationHandlerMapping]Mapped URL path [/api/sms/send] onto handler 'smsManageController'
[INFO][2018-05-23 17:48:41,288][org.springframework.web.servlet.mvc.annotation.DefaultAnnotationHandlerMapping]Mapped URL path [/api/sms/send.*] onto handler 'smsManageController'
[INFO][2018-05-23 17:48:41,289][org.springframework.web.servlet.mvc.annotation.DefaultAnnotationHandlerMapping]Mapped URL path [/api/sms/send/] onto handler 'smsManageController'
[INFO][2018-05-23 17:48:41,290][org.springframework.web.servlet.mvc.annotation.DefaultAnnotationHandlerMapping]Mapped URL path [/report] onto handler 'smsReceiveController'
[INFO][2018-05-23 17:48:41,290][org.springframework.web.servlet.mvc.annotation.DefaultAnnotationHandlerMapping]Mapped URL path [/report.*] onto handler 'smsReceiveController'
[INFO][2018-05-23 17:48:41,291][org.springframework.web.servlet.mvc.annotation.DefaultAnnotationHandlerMapping]Mapped URL path [/report/] onto handler 'smsReceiveController'
[INFO][2018-05-23 17:48:41,291][org.springframework.web.servlet.mvc.annotation.DefaultAnnotationHandlerMapping]Mapped URL path [/upon] onto handler 'smsReceiveController'
[INFO][2018-05-23 17:48:41,292][org.springframework.web.servlet.mvc.annotation.DefaultAnnotationHandlerMapping]Mapped URL path [/upon.*] onto handler 'smsReceiveController'
[INFO][2018-05-23 17:48:41,293][org.springframework.web.servlet.mvc.annotation.DefaultAnnotationHandlerMapping]Mapped URL path [/upon/] onto handler 'smsReceiveController'
[INFO][2018-05-23 17:48:41,363][org.springframework.web.servlet.DispatcherServlet]FrameworkServlet 'springMvc': initialization completed in 893 ms
[INFO][2018-05-23 17:49:41,520][com.hl95.common.service.impl.SmsManageServiceImpl]请求参数={password=pjs123456, linkid=1523503956792552070145, phone=13716072540, remoteHost=127.0.0.1, epid=111, subcode=111, message=这是一条短信测试, username=pjs}
